14.4256 	INFO 	Loaded monitor calibration from ['2025_08_12 10:33']
15.6650 	INFO 	Using renderer 'Intel(R) Iris(R) Xe Graphics' for graphics
15.6650 	INFO 	OpenGL version supported by driver is 4..
15.8413 	EXP 	Created window1 = Window(allowGUI=True, allowStencil=False, autoLog=True, backendConf=UNKNOWN, backgroundFit=<method-wrapper '__getattribute__' of attributeSetter object at 0x000001C20844C370>, backgroundImage=<method-wrapper '__getattribute__' of attributeSetter object at 0x000001C20844C2E0>, bitsMode=UNKNOWN, blendMode='avg', bpc=(8, 8, 8), color=array([0, 0, 0]), colorSpace='rgb', depthBits=8, fullscr=False, gamma=None, gammaErrorPolicy='raise', infoMsg=UNKNOWN, lms=UNKNOWN, monitor=<psychopy.monitors.calibTools.Monitor object at 0x000001C2085DD970>, multiSample=False, name='window1', numSamples=2, pos=[360.0, 140.0], screen=0, size=array([1200,  800]), stencilBits=0, stereo=False, title='PsychoPy', units='height', useFBO=True, useRetina=False, viewOri=0.0, viewPos=None, viewScale=None, waitBlanking=True, winType='pyglet')
15.8414 	EXP 	window1: backgroundImage = ''
15.8414 	EXP 	window1: backgroundFit = 'none'
16.3771 	EXP 	window1: Attempting to measure frame rate of screen (0) ...
16.3772 	EXP 	window1: recordFrameIntervals = False
16.5863 	EXP 	window1: recordFrameIntervals = True
16.7702 	EXP 	Screen (0) actual frame rate measured at 60.25Hz
16.7703 	EXP 	window1: recordFrameIntervals = False
16.8741 	INFO 	keyboard.Keyboard is using ptb backend.
16.8743 	INFO 	keyboard.Keyboard is using ptb backend.
16.8743 	EXP 	Stroop Task: status = STARTED
17.3470 	EXP 	Created text_2 = TextStim(__class__=<class 'psychopy.visual.text.TextStim'>, alignHoriz=method-wrapper(...), alignText='center', alignVert=method-wrapper(...), anchorHoriz='center', anchorVert='center', antialias=True, autoDraw=False, autoLog=True, bold=False, color=array([1., 1., 1.]), colorSpace='rgb', contrast=1.0, depth=0.0, draggable=False, flipHoriz=False, flipVert=False, font='Arial', fontFiles=[], height=0.05, italic=False, languageStyle='LTR', name='text_2', opacity=1, ori=0.0, pos=array([0., 0.]), rgb=UNKNOWN, text='WELCOME TO THE EXPERIMENT', units='height', win=Window(...), wrapWidth=1)
17.3607 	EXP 	Created Fixation = ShapeStim(__class__=<class 'psychopy.visual.shape.ShapeStim'>, anchor=('center', 'center'), autoDraw=False, autoLog=True, closeShape=True, color=method-wrapper(...), colorSpace='rgb', contrast=None, depth=0.0, draggable=False, fillColor=array([1, 1, 1]), fillColorSpace='rgb', fillRGB=array([1, 1, 1]), interpolate=True, lineColor=array([1., 1., 1.]), lineColorSpace='rgb', lineRGB=array([1, 1, 1]), lineWidth=1.0, name='Fixation', opacity=1, ori=0.0, pos=array([0., 0.]), size=array([10., 10.]), units='pix', vertices=ndarray(...), win=Window(...), windingRule=None)
17.3622 	EXP 	Created text = TextStim(__class__=<class 'psychopy.visual.text.TextStim'>, alignHoriz=method-wrapper(...), alignText='center', alignVert=method-wrapper(...), anchorHoriz='center', anchorVert='center', antialias=True, autoDraw=False, autoLog=True, bold=False, color=array([1., 1., 1.]), colorSpace='rgb', contrast=1.0, depth=-1.0, draggable=False, flipHoriz=False, flipVert=False, font='Arial', fontFiles=[], height=0.05, italic=False, languageStyle='LTR', name='text', opacity=1, ori=0.0, pos=array([0., 0.]), rgb=UNKNOWN, text='', units='height', win=Window(...), wrapWidth=1)
17.3756 	EXP 	Created text_3 = TextStim(__class__=<class 'psychopy.visual.text.TextStim'>, alignHoriz=method-wrapper(...), alignText='center', alignVert=method-wrapper(...), anchorHoriz='center', anchorVert='center', antialias=True, autoDraw=False, autoLog=True, bold=False, color=array([1., 1., 1.]), colorSpace='rgb', contrast=1.0, depth=0.0, draggable=False, flipHoriz=False, flipVert=False, font='Arial', fontFiles=[], height=0.05, italic=False, languageStyle='LTR', name='text_3', opacity=1, ori=0.0, pos=array([0., 0.]), rgb=UNKNOWN, text='THANK YOU SO MUCH FOR PARTICIPATING', units='height', win=Window(...), wrapWidth=1)
0.0265 	EXP 	text_2: autoDraw = True
1.0249 	EXP 	Imported DATA FILE FOR STROOP EFFECT.xlsx as conditions, 4 conditions, 4 params
1.0494 	EXP 	New trial (rep=0, index=0): <Trial 0 (0 in rep 0) data={'word': 'BLUE', 'font_color': 'blue', 'con_label': 'congruent', 'corr_resp': 'b', 'thisN': 0, 'thisTrialN': 0, 'thisRepN': 0}>
1.0755 	EXP 	text_2: autoDraw = False
1.0755 	EXP 	text: foreColor = <psychopy.colors.Color: blue, alpha=1.0>
1.0755 	EXP 	text: height = 0.05
1.0755 	EXP 	text: height = 0.05
1.0755 	EXP 	text: height = 0.05
1.0755 	EXP 	text: text = 'BLUE'
1.0755 	EXP 	Fixation: autoDraw = True
2.0246 	INFO 	Keyboard events cleared
2.0243 	EXP 	text: autoDraw = True
2.0781 	EXP 	Fixation: autoDraw = False
2.3277 	EXP 	text: autoDraw = False
3.1070 	EXP 	Device response: <KeyPress from None: t=2.965599499992095, value=b, duration=None>
3.1073 	EXP 	New trial (rep=0, index=1): <Trial 1 (1 in rep 0) data={'word': 'BLUE', 'font_color': 'red', 'con_label': 'incongruent', 'corr_resp': 'r', 'thisN': 1, 'thisTrialN': 1, 'thisRepN': 0}>
3.1088 	DATA 	Keypress: b
3.1243 	EXP 	Fixation: autoDraw = False
3.1243 	EXP 	text: autoDraw = False
3.1243 	EXP 	text: foreColor = <psychopy.colors.Color: red, alpha=1.0>
3.1243 	EXP 	text: text = 'BLUE'
3.1243 	EXP 	Fixation: autoDraw = True
3.1770 	EXP 	Device response: <KeyPress from None: t=2.965599499992095, value=b, duration=0.19735059997765347>
4.1104 	INFO 	Keyboard events cleared
4.1102 	EXP 	text: autoDraw = True
4.1252 	EXP 	Fixation: autoDraw = False
4.4087 	EXP 	text: autoDraw = False
4.6419 	EXP 	Device response: <KeyPress from None: t=4.633646700007375, value=b, duration=None>
4.6423 	EXP 	New trial (rep=0, index=2): <Trial 2 (2 in rep 0) data={'word': 'RED', 'font_color': 'blue', 'con_label': 'incongruent', 'corr_resp': 'b', 'thisN': 2, 'thisTrialN': 2, 'thisRepN': 0}>
4.6506 	DATA 	Keypress: b
4.6575 	EXP 	Fixation: autoDraw = False
4.6575 	EXP 	text: autoDraw = False
4.6575 	EXP 	text: foreColor = <psychopy.colors.Color: blue, alpha=1.0>
4.6575 	EXP 	text: height = 0.05
4.6575 	EXP 	text: height = 0.05
4.6575 	EXP 	text: height = 0.05
4.6575 	EXP 	text: text = 'RED'
4.6575 	EXP 	Fixation: autoDraw = True
4.7105 	EXP 	Device response: <KeyPress from None: t=4.633646700007375, value=b, duration=0.07327569997869432>
5.6596 	INFO 	Keyboard events cleared
5.6595 	EXP 	Fixation: autoDraw = False
5.6595 	EXP 	text: autoDraw = True
5.9590 	EXP 	text: autoDraw = False
6.7261 	EXP 	Device response: <KeyPress from None: t=6.711937999993097, value=b, duration=None>
6.7265 	EXP 	New trial (rep=0, index=3): <Trial 3 (3 in rep 0) data={'word': 'RED', 'font_color': 'red', 'con_label': 'congruent', 'corr_resp': 'r', 'thisN': 3, 'thisTrialN': 3, 'thisRepN': 0}>
6.7289 	DATA 	Keypress: b
6.7417 	EXP 	Fixation: autoDraw = False
6.7417 	EXP 	text: autoDraw = False
6.7417 	EXP 	text: foreColor = <psychopy.colors.Color: red, alpha=1.0>
6.7417 	EXP 	text: text = 'RED'
6.7417 	EXP 	Fixation: autoDraw = True
6.8103 	EXP 	Device response: <KeyPress from None: t=6.711937999993097, value=b, duration=0.0925277000060305>
7.7418 	INFO 	Keyboard events cleared
7.7416 	EXP 	Fixation: autoDraw = False
7.7416 	EXP 	text: autoDraw = True
8.0411 	EXP 	text: autoDraw = False
8.3084 	EXP 	Device response: <KeyPress from None: t=8.304703200003132, value=r, duration=None>
8.3089 	EXP 	New trial (rep=1, index=0): <Trial 4 (0 in rep 1) data={'word': 'BLUE', 'font_color': 'blue', 'con_label': 'congruent', 'corr_resp': 'b', 'thisN': 4, 'thisTrialN': 0, 'thisRepN': 1}>
8.3149 	DATA 	Keypress: r
8.3238 	EXP 	Fixation: autoDraw = False
8.3238 	EXP 	text: autoDraw = False
8.3238 	EXP 	text: foreColor = <psychopy.colors.Color: blue, alpha=1.0>
8.3238 	EXP 	text: height = 0.05
8.3238 	EXP 	text: height = 0.05
8.3238 	EXP 	text: height = 0.05
8.3238 	EXP 	text: text = 'BLUE'
8.3238 	EXP 	Fixation: autoDraw = True
8.4420 	EXP 	Device response: <KeyPress from None: t=8.304703200003132, value=r, duration=0.13248649996239692>
9.3074 	INFO 	Keyboard events cleared
9.3072 	EXP 	text: autoDraw = True
9.3243 	EXP 	Fixation: autoDraw = False
9.6076 	EXP 	text: autoDraw = False
9.7415 	EXP 	Device response: <KeyPress from None: t=9.735904600005597, value=b, duration=None>
9.7419 	EXP 	New trial (rep=1, index=1): <Trial 5 (1 in rep 1) data={'word': 'RED', 'font_color': 'red', 'con_label': 'congruent', 'corr_resp': 'r', 'thisN': 5, 'thisTrialN': 1, 'thisRepN': 1}>
9.7472 	DATA 	Keypress: b
9.7565 	EXP 	Fixation: autoDraw = False
9.7565 	EXP 	text: autoDraw = False
9.7565 	EXP 	text: foreColor = <psychopy.colors.Color: red, alpha=1.0>
9.7565 	EXP 	text: height = 0.05
9.7565 	EXP 	text: height = 0.05
9.7565 	EXP 	text: height = 0.05
9.7565 	EXP 	text: text = 'RED'
9.7565 	EXP 	Fixation: autoDraw = True
9.8393 	EXP 	Device response: <KeyPress from None: t=9.735904600005597, value=b, duration=0.09339929994894192>
10.7409 	INFO 	Keyboard events cleared
10.7406 	EXP 	text: autoDraw = True
10.7571 	EXP 	Fixation: autoDraw = False
11.0389 	EXP 	text: autoDraw = False
11.0914 	EXP 	Device response: <KeyPress from None: t=11.088461499952246, value=r, duration=None>
11.0917 	EXP 	New trial (rep=1, index=2): <Trial 6 (2 in rep 1) data={'word': 'RED', 'font_color': 'blue', 'con_label': 'incongruent', 'corr_resp': 'b', 'thisN': 6, 'thisTrialN': 2, 'thisRepN': 1}>
11.0934 	DATA 	Keypress: r
11.1073 	EXP 	Fixation: autoDraw = False
11.1073 	EXP 	text: autoDraw = False
11.1073 	EXP 	text: foreColor = <psychopy.colors.Color: blue, alpha=1.0>
11.1073 	EXP 	text: text = 'RED'
11.1073 	EXP 	Fixation: autoDraw = True
11.2218 	EXP 	Device response: <KeyPress from None: t=11.088461499952246, value=r, duration=0.11443220003275201>
12.1078 	INFO 	Keyboard events cleared
12.1076 	EXP 	Fixation: autoDraw = False
12.1076 	EXP 	text: autoDraw = True
12.4054 	EXP 	text: autoDraw = False
12.6741 	EXP 	Device response: <KeyPress from None: t=12.669460799952503, value=b, duration=None>
12.6744 	EXP 	New trial (rep=1, index=3): <Trial 7 (3 in rep 1) data={'word': 'BLUE', 'font_color': 'red', 'con_label': 'incongruent', 'corr_resp': 'r', 'thisN': 7, 'thisTrialN': 3, 'thisRepN': 1}>
12.6796 	DATA 	Keypress: b
12.6886 	EXP 	Fixation: autoDraw = False
12.6886 	EXP 	text: autoDraw = False
12.6886 	EXP 	text: foreColor = <psychopy.colors.Color: red, alpha=1.0>
12.6886 	EXP 	text: height = 0.05
12.6886 	EXP 	text: height = 0.05
12.6886 	EXP 	text: height = 0.05
12.6886 	EXP 	text: text = 'BLUE'
12.6886 	EXP 	Fixation: autoDraw = True
12.7588 	EXP 	Device response: <KeyPress from None: t=12.669460799952503, value=b, duration=0.08676640002522618>
13.6895 	INFO 	Keyboard events cleared
13.6893 	EXP 	Fixation: autoDraw = False
13.6893 	EXP 	text: autoDraw = True
13.9898 	EXP 	text: autoDraw = False
14.4914 	DATA 	Keypress: b
14.5063 	EXP 	Device response: <KeyPress from None: t=14.490861499973107, value=b, duration=None>
14.5070 	EXP 	New trial (rep=2, index=0): <Trial 8 (0 in rep 2) data={'word': 'RED', 'font_color': 'blue', 'con_label': 'incongruent', 'corr_resp': 'b', 'thisN': 8, 'thisTrialN': 0, 'thisRepN': 2}>
14.5213 	EXP 	Fixation: autoDraw = False
14.5213 	EXP 	text: autoDraw = False
14.5213 	EXP 	text: foreColor = <psychopy.colors.Color: blue, alpha=1.0>
14.5213 	EXP 	text: height = 0.05
14.5213 	EXP 	text: height = 0.05
14.5213 	EXP 	text: height = 0.05
14.5213 	EXP 	text: text = 'RED'
14.5213 	EXP 	Fixation: autoDraw = True
14.5569 	EXP 	Device response: <KeyPress from None: t=14.490861499973107, value=b, duration=0.06467560003511608>
15.5055 	INFO 	Keyboard events cleared
15.5053 	EXP 	text: autoDraw = True
15.5223 	EXP 	Fixation: autoDraw = False
15.8051 	EXP 	text: autoDraw = False
16.4710 	EXP 	Device response: <KeyPress from None: t=16.46961490000831, value=b, duration=None>
16.4714 	EXP 	New trial (rep=2, index=1): <Trial 9 (1 in rep 2) data={'word': 'BLUE', 'font_color': 'blue', 'con_label': 'congruent', 'corr_resp': 'b', 'thisN': 9, 'thisTrialN': 1, 'thisRepN': 2}>
16.4769 	DATA 	Keypress: b
16.4873 	EXP 	Fixation: autoDraw = False
16.4873 	EXP 	text: autoDraw = False
16.4873 	EXP 	text: foreColor = <psychopy.colors.Color: blue, alpha=1.0>
16.4873 	EXP 	text: height = 0.05
16.4873 	EXP 	text: height = 0.05
16.4873 	EXP 	text: height = 0.05
16.4873 	EXP 	text: text = 'BLUE'
16.4873 	EXP 	Fixation: autoDraw = True
16.5889 	EXP 	Device response: <KeyPress from None: t=16.46961490000831, value=b, duration=0.10798079997766763>
17.4858 	INFO 	Keyboard events cleared
17.4857 	EXP 	text: autoDraw = True
17.5031 	EXP 	Fixation: autoDraw = False
17.7901 	EXP 	text: autoDraw = False
18.4117 	EXP 	Device response: <KeyPress from None: t=18.395416599989403, value=b, duration=None>
18.4122 	EXP 	New trial (rep=2, index=2): <Trial 10 (2 in rep 2) data={'word': 'RED', 'font_color': 'red', 'con_label': 'congruent', 'corr_resp': 'r', 'thisN': 10, 'thisTrialN': 2, 'thisRepN': 2}>
18.4237 	DATA 	Keypress: b
18.4363 	EXP 	Fixation: autoDraw = False
18.4363 	EXP 	text: autoDraw = False
18.4363 	EXP 	text: foreColor = <psychopy.colors.Color: red, alpha=1.0>
18.4363 	EXP 	text: height = 0.05
18.4363 	EXP 	text: height = 0.05
18.4363 	EXP 	text: height = 0.05
18.4363 	EXP 	text: text = 'RED'
18.4363 	EXP 	Fixation: autoDraw = True
18.5079 	EXP 	Device response: <KeyPress from None: t=18.395416599989403, value=b, duration=0.10940959997242317>
19.4190 	INFO 	Keyboard events cleared
19.4189 	EXP 	text: autoDraw = True
19.4356 	EXP 	Fixation: autoDraw = False
19.7185 	EXP 	text: autoDraw = False
20.3025 	EXP 	Device response: <KeyPress from None: t=20.288437199953478, value=r, duration=None>
20.3028 	EXP 	New trial (rep=2, index=3): <Trial 11 (3 in rep 2) data={'word': 'BLUE', 'font_color': 'red', 'con_label': 'incongruent', 'corr_resp': 'r', 'thisN': 11, 'thisTrialN': 3, 'thisRepN': 2}>
20.3081 	DATA 	Keypress: r
20.3193 	EXP 	Fixation: autoDraw = False
20.3193 	EXP 	text: autoDraw = False
20.3193 	EXP 	text: foreColor = <psychopy.colors.Color: red, alpha=1.0>
20.3193 	EXP 	text: height = 0.05
20.3193 	EXP 	text: height = 0.05
20.3193 	EXP 	text: height = 0.05
20.3193 	EXP 	text: text = 'BLUE'
20.3193 	EXP 	Fixation: autoDraw = True
20.4525 	EXP 	Device response: <KeyPress from None: t=20.288437199953478, value=r, duration=0.15452510002069175>
21.3022 	INFO 	Keyboard events cleared
21.3021 	EXP 	text: autoDraw = True
21.3195 	EXP 	Fixation: autoDraw = False
21.6021 	EXP 	text: autoDraw = False
21.9853 	EXP 	Device response: <KeyPress from None: t=21.974110799957998, value=b, duration=None>
21.9855 	EXP 	New trial (rep=3, index=0): <Trial 12 (0 in rep 3) data={'word': 'BLUE', 'font_color': 'red', 'con_label': 'incongruent', 'corr_resp': 'r', 'thisN': 12, 'thisTrialN': 0, 'thisRepN': 3}>
21.9874 	DATA 	Keypress: b
22.0030 	EXP 	Fixation: autoDraw = False
22.0030 	EXP 	text: autoDraw = False
22.0030 	EXP 	text: foreColor = <psychopy.colors.Color: red, alpha=1.0>
22.0030 	EXP 	text: text = 'BLUE'
22.0030 	EXP 	Fixation: autoDraw = True
22.1018 	EXP 	Device response: <KeyPress from None: t=21.974110799957998, value=b, duration=0.11936400004196912>
23.0010 	INFO 	Keyboard events cleared
23.0008 	EXP 	text: autoDraw = True
23.0173 	EXP 	Fixation: autoDraw = False
23.3011 	EXP 	text: autoDraw = False
23.8024 	EXP 	Device response: <KeyPress from None: t=23.79437269998016, value=r, duration=None>
23.8028 	EXP 	New trial (rep=3, index=1): <Trial 13 (1 in rep 3) data={'word': 'RED', 'font_color': 'red', 'con_label': 'congruent', 'corr_resp': 'r', 'thisN': 13, 'thisTrialN': 1, 'thisRepN': 3}>
23.8082 	DATA 	Keypress: r
23.8185 	EXP 	Fixation: autoDraw = False
23.8185 	EXP 	text: autoDraw = False
23.8185 	EXP 	text: foreColor = <psychopy.colors.Color: red, alpha=1.0>
23.8185 	EXP 	text: height = 0.05
23.8185 	EXP 	text: height = 0.05
23.8185 	EXP 	text: height = 0.05
23.8185 	EXP 	text: text = 'RED'
23.8185 	EXP 	Fixation: autoDraw = True
23.9533 	EXP 	Device response: <KeyPress from None: t=23.79437269998016, value=r, duration=0.14815289998659864>
24.8030 	INFO 	Keyboard events cleared
24.8027 	EXP 	text: autoDraw = True
24.8206 	EXP 	Fixation: autoDraw = False
25.1209 	EXP 	text: autoDraw = False
25.4868 	EXP 	Device response: <KeyPress from None: t=25.471795799967367, value=r, duration=None>
25.4873 	EXP 	New trial (rep=3, index=2): <Trial 14 (2 in rep 3) data={'word': 'RED', 'font_color': 'blue', 'con_label': 'incongruent', 'corr_resp': 'b', 'thisN': 14, 'thisTrialN': 2, 'thisRepN': 3}>
25.4896 	DATA 	Keypress: r
25.5022 	EXP 	Fixation: autoDraw = False
25.5022 	EXP 	text: autoDraw = False
25.5022 	EXP 	text: foreColor = <psychopy.colors.Color: blue, alpha=1.0>
25.5022 	EXP 	text: text = 'RED'
25.5022 	EXP 	Fixation: autoDraw = True
25.6350 	EXP 	Device response: <KeyPress from None: t=25.471795799967367, value=r, duration=0.15486400004010648>
26.5012 	INFO 	Keyboard events cleared
26.5010 	EXP 	Fixation: autoDraw = False
26.5010 	EXP 	text: autoDraw = True
26.8019 	EXP 	text: autoDraw = False
26.9353 	EXP 	Device response: <KeyPress from None: t=26.92731439997442, value=b, duration=None>
26.9357 	EXP 	New trial (rep=3, index=3): <Trial 15 (3 in rep 3) data={'word': 'BLUE', 'font_color': 'blue', 'con_label': 'congruent', 'corr_resp': 'b', 'thisN': 15, 'thisTrialN': 3, 'thisRepN': 3}>
26.9414 	DATA 	Keypress: b
26.9504 	EXP 	Fixation: autoDraw = False
26.9504 	EXP 	text: autoDraw = False
26.9504 	EXP 	text: foreColor = <psychopy.colors.Color: blue, alpha=1.0>
26.9504 	EXP 	text: height = 0.05
26.9504 	EXP 	text: height = 0.05
26.9504 	EXP 	text: height = 0.05
26.9504 	EXP 	text: text = 'BLUE'
26.9504 	EXP 	Fixation: autoDraw = True
27.0360 	EXP 	Device response: <KeyPress from None: t=26.92731439997442, value=b, duration=0.0941216999781318>
27.9349 	INFO 	Keyboard events cleared
27.9347 	EXP 	text: autoDraw = True
27.9518 	EXP 	Fixation: autoDraw = False
28.2336 	EXP 	text: autoDraw = False
28.4353 	EXP 	Device response: <KeyPress from None: t=28.430830499972217, value=b, duration=None>
28.4357 	EXP 	New trial (rep=4, index=0): <Trial 16 (0 in rep 4) data={'word': 'BLUE', 'font_color': 'red', 'con_label': 'incongruent', 'corr_resp': 'r', 'thisN': 16, 'thisTrialN': 0, 'thisRepN': 4}>
28.4377 	DATA 	Keypress: b
28.4514 	EXP 	Fixation: autoDraw = False
28.4514 	EXP 	text: autoDraw = False
28.4514 	EXP 	text: foreColor = <psychopy.colors.Color: red, alpha=1.0>
28.4514 	EXP 	text: text = 'BLUE'
28.4514 	EXP 	Fixation: autoDraw = True
28.5345 	EXP 	Device response: <KeyPress from None: t=28.430830499972217, value=b, duration=0.09834909997880459>
29.4338 	INFO 	Keyboard events cleared
29.4335 	EXP 	text: autoDraw = True
29.4662 	EXP 	Fixation: autoDraw = False
29.7340 	EXP 	text: autoDraw = False
30.0345 	EXP 	Device response: <KeyPress from None: t=30.02904049999779, value=r, duration=None>
30.0348 	EXP 	New trial (rep=4, index=1): <Trial 17 (1 in rep 4) data={'word': 'RED', 'font_color': 'blue', 'con_label': 'incongruent', 'corr_resp': 'b', 'thisN': 17, 'thisTrialN': 1, 'thisRepN': 4}>
30.0394 	DATA 	Keypress: r
30.0494 	EXP 	Fixation: autoDraw = False
30.0494 	EXP 	text: autoDraw = False
30.0494 	EXP 	text: foreColor = <psychopy.colors.Color: blue, alpha=1.0>
30.0494 	EXP 	text: height = 0.05
30.0494 	EXP 	text: height = 0.05
30.0494 	EXP 	text: height = 0.05
30.0494 	EXP 	text: text = 'RED'
30.0494 	EXP 	Fixation: autoDraw = True
30.1688 	EXP 	Device response: <KeyPress from None: t=30.02904049999779, value=r, duration=0.1360813999781385>
31.0336 	INFO 	Keyboard events cleared
31.0333 	EXP 	text: autoDraw = True
31.0509 	EXP 	Fixation: autoDraw = False
31.3331 	EXP 	text: autoDraw = False
31.7183 	EXP 	Device response: <KeyPress from None: t=31.70534659997793, value=b, duration=None>
31.7186 	EXP 	New trial (rep=4, index=2): <Trial 18 (2 in rep 4) data={'word': 'RED', 'font_color': 'red', 'con_label': 'congruent', 'corr_resp': 'r', 'thisN': 18, 'thisTrialN': 2, 'thisRepN': 4}>
31.7208 	DATA 	Keypress: b
31.7333 	EXP 	Fixation: autoDraw = False
31.7333 	EXP 	text: autoDraw = False
31.7333 	EXP 	text: foreColor = <psychopy.colors.Color: red, alpha=1.0>
31.7333 	EXP 	text: text = 'RED'
31.7333 	EXP 	Fixation: autoDraw = True
31.8001 	EXP 	Device response: <KeyPress from None: t=31.70534659997793, value=b, duration=0.08273309998912737>
32.7339 	INFO 	Keyboard events cleared
32.7337 	EXP 	Fixation: autoDraw = False
32.7337 	EXP 	text: autoDraw = True
33.0499 	EXP 	text: autoDraw = False
33.3684 	EXP 	Device response: <KeyPress from None: t=33.36489119997714, value=r, duration=None>
33.3688 	EXP 	New trial (rep=4, index=3): <Trial 19 (3 in rep 4) data={'word': 'BLUE', 'font_color': 'blue', 'con_label': 'congruent', 'corr_resp': 'b', 'thisN': 19, 'thisTrialN': 3, 'thisRepN': 4}>
33.3744 	DATA 	Keypress: r
33.3814 	EXP 	Fixation: autoDraw = False
33.3814 	EXP 	text: autoDraw = False
33.3814 	EXP 	text: foreColor = <psychopy.colors.Color: blue, alpha=1.0>
33.3814 	EXP 	text: height = 0.05
33.3814 	EXP 	text: height = 0.05
33.3814 	EXP 	text: height = 0.05
33.3814 	EXP 	text: text = 'BLUE'
33.3814 	EXP 	Fixation: autoDraw = True
33.4657 	EXP 	Device response: <KeyPress from None: t=33.36489119997714, value=r, duration=0.09311329998308793>
34.3831 	INFO 	Keyboard events cleared
34.3827 	EXP 	Fixation: autoDraw = False
34.3827 	EXP 	text: autoDraw = True
34.6985 	EXP 	text: autoDraw = False
34.8365 	EXP 	Device response: <KeyPress from None: t=34.833302499959245, value=b, duration=None>
34.8368 	EXP 	New trial (rep=5, index=0): <Trial 20 (0 in rep 5) data={'word': 'BLUE', 'font_color': 'blue', 'con_label': 'congruent', 'corr_resp': 'b', 'thisN': 20, 'thisTrialN': 0, 'thisRepN': 5}>
34.8391 	DATA 	Keypress: b
34.8480 	EXP 	Fixation: autoDraw = False
34.8480 	EXP 	text: autoDraw = False
34.8480 	EXP 	text: foreColor = <psychopy.colors.Color: blue, alpha=1.0>
34.8480 	EXP 	text: text = 'BLUE'
34.8480 	EXP 	Fixation: autoDraw = True
34.9318 	EXP 	Device response: <KeyPress from None: t=34.833302499959245, value=b, duration=0.09245699999155477>
35.8487 	INFO 	Keyboard events cleared
35.8484 	EXP 	Fixation: autoDraw = False
35.8484 	EXP 	text: autoDraw = True
36.1485 	EXP 	text: autoDraw = False
36.2494 	EXP 	Device response: <KeyPress from None: t=36.23412819998339, value=r, duration=None>
36.2497 	EXP 	New trial (rep=5, index=1): <Trial 21 (1 in rep 5) data={'word': 'RED', 'font_color': 'blue', 'con_label': 'incongruent', 'corr_resp': 'b', 'thisN': 21, 'thisTrialN': 1, 'thisRepN': 5}>
36.2544 	DATA 	Keypress: r
36.2641 	EXP 	Fixation: autoDraw = False
36.2641 	EXP 	text: autoDraw = False
36.2641 	EXP 	text: foreColor = <psychopy.colors.Color: blue, alpha=1.0>
36.2641 	EXP 	text: height = 0.05
36.2641 	EXP 	text: height = 0.05
36.2641 	EXP 	text: height = 0.05
36.2641 	EXP 	text: text = 'RED'
36.2641 	EXP 	Fixation: autoDraw = True
36.3666 	EXP 	Device response: <KeyPress from None: t=36.23412819998339, value=r, duration=0.1307216999703087>
37.2653 	INFO 	Keyboard events cleared
37.2651 	EXP 	Fixation: autoDraw = False
37.2651 	EXP 	text: autoDraw = True
37.5648 	EXP 	text: autoDraw = False
37.7142 	EXP 	Device response: <KeyPress from None: t=37.71069209999405, value=b, duration=None>
37.7146 	EXP 	New trial (rep=5, index=2): <Trial 22 (2 in rep 5) data={'word': 'BLUE', 'font_color': 'red', 'con_label': 'incongruent', 'corr_resp': 'r', 'thisN': 22, 'thisTrialN': 2, 'thisRepN': 5}>
37.7202 	DATA 	Keypress: b
37.7303 	EXP 	Fixation: autoDraw = False
37.7303 	EXP 	text: autoDraw = False
37.7303 	EXP 	text: foreColor = <psychopy.colors.Color: red, alpha=1.0>
37.7303 	EXP 	text: height = 0.05
37.7303 	EXP 	text: height = 0.05
37.7303 	EXP 	text: height = 0.05
37.7303 	EXP 	text: text = 'BLUE'
37.7303 	EXP 	Fixation: autoDraw = True
37.8315 	EXP 	Device response: <KeyPress from None: t=37.71069209999405, value=b, duration=0.10729499999433756>
38.7306 	INFO 	Keyboard events cleared
38.7303 	EXP 	Fixation: autoDraw = False
38.7303 	EXP 	text: autoDraw = True
39.0299 	EXP 	text: autoDraw = False
39.0817 	EXP 	Device response: <KeyPress from None: t=39.07866619998822, value=r, duration=None>
39.0821 	EXP 	New trial (rep=5, index=3): <Trial 23 (3 in rep 5) data={'word': 'RED', 'font_color': 'red', 'con_label': 'congruent', 'corr_resp': 'r', 'thisN': 23, 'thisTrialN': 3, 'thisRepN': 5}>
39.0875 	DATA 	Keypress: r
39.0969 	EXP 	Fixation: autoDraw = False
39.0969 	EXP 	text: autoDraw = False
39.0969 	EXP 	text: foreColor = <psychopy.colors.Color: red, alpha=1.0>
39.0969 	EXP 	text: height = 0.05
39.0969 	EXP 	text: height = 0.05
39.0969 	EXP 	text: height = 0.05
39.0969 	EXP 	text: text = 'RED'
39.0969 	EXP 	Fixation: autoDraw = True
39.1977 	EXP 	Device response: <KeyPress from None: t=39.07866619998822, value=r, duration=0.11532729997998103>
40.0976 	INFO 	Keyboard events cleared
40.0974 	EXP 	Fixation: autoDraw = False
40.0974 	EXP 	text: autoDraw = True
40.3969 	EXP 	text: autoDraw = False
40.5631 	EXP 	Device response: <KeyPress from None: t=40.55393559997901, value=b, duration=None>
40.5634 	EXP 	New trial (rep=6, index=0): <Trial 24 (0 in rep 6) data={'word': 'RED', 'font_color': 'blue', 'con_label': 'incongruent', 'corr_resp': 'b', 'thisN': 24, 'thisTrialN': 0, 'thisRepN': 6}>
40.5653 	DATA 	Keypress: b
40.5794 	EXP 	Fixation: autoDraw = False
40.5794 	EXP 	text: autoDraw = False
40.5794 	EXP 	text: foreColor = <psychopy.colors.Color: blue, alpha=1.0>
40.5794 	EXP 	text: text = 'RED'
40.5794 	EXP 	Fixation: autoDraw = True
40.6812 	EXP 	Device response: <KeyPress from None: t=40.55393559997901, value=b, duration=0.12385779997566715>
40.8306 	EXP 	Device response: <KeyPress from None: t=40.82283139997162, value=b, duration=None>
40.8319 	DATA 	Keypress: b
40.9312 	EXP 	Device response: <KeyPress from None: t=40.82283139997162, value=b, duration=0.09656690002884716>
41.5636 	INFO 	Keyboard events cleared
41.5634 	EXP 	text: autoDraw = True
41.5800 	EXP 	Fixation: autoDraw = False
41.8807 	EXP 	text: autoDraw = False
42.2473 	EXP 	Device response: <KeyPress from None: t=42.241086399997585, value=b, duration=None>
42.2478 	EXP 	New trial (rep=6, index=1): <Trial 25 (1 in rep 6) data={'word': 'RED', 'font_color': 'red', 'con_label': 'congruent', 'corr_resp': 'r', 'thisN': 25, 'thisTrialN': 1, 'thisRepN': 6}>
42.2502 	DATA 	Keypress: b
42.2630 	EXP 	Fixation: autoDraw = False
42.2630 	EXP 	text: autoDraw = False
42.2630 	EXP 	text: foreColor = <psychopy.colors.Color: red, alpha=1.0>
42.2630 	EXP 	text: text = 'RED'
42.2630 	EXP 	Fixation: autoDraw = True
42.3635 	EXP 	Device response: <KeyPress from None: t=42.241086399997585, value=b, duration=0.11109219997888431>
43.2452 	INFO 	Keyboard events cleared
43.2451 	EXP 	text: autoDraw = True
43.2802 	EXP 	Fixation: autoDraw = False
43.5451 	EXP 	text: autoDraw = False
43.5457 	EXP 	Device response: <KeyPress from None: t=43.53896129998611, value=r, duration=None>
43.5462 	EXP 	New trial (rep=6, index=2): <Trial 26 (2 in rep 6) data={'word': 'BLUE', 'font_color': 'blue', 'con_label': 'congruent', 'corr_resp': 'b', 'thisN': 26, 'thisTrialN': 2, 'thisRepN': 6}>
43.5523 	DATA 	Keypress: r
43.5620 	EXP 	Fixation: autoDraw = False
43.5620 	EXP 	text: autoDraw = False
43.5620 	EXP 	text: foreColor = <psychopy.colors.Color: blue, alpha=1.0>
43.5620 	EXP 	text: height = 0.05
43.5620 	EXP 	text: height = 0.05
43.5620 	EXP 	text: height = 0.05
43.5620 	EXP 	text: text = 'BLUE'
43.5620 	EXP 	Fixation: autoDraw = True
43.6470 	EXP 	Device response: <KeyPress from None: t=43.53896129998611, value=r, duration=0.10490839998237789>
44.5464 	INFO 	Keyboard events cleared
44.5462 	EXP 	text: autoDraw = True
44.5625 	EXP 	Fixation: autoDraw = False
44.8448 	EXP 	text: autoDraw = False
44.9820 	EXP 	Device response: <KeyPress from None: t=44.975863399973605, value=b, duration=None>
44.9824 	EXP 	New trial (rep=6, index=3): <Trial 27 (3 in rep 6) data={'word': 'BLUE', 'font_color': 'red', 'con_label': 'incongruent', 'corr_resp': 'r', 'thisN': 27, 'thisTrialN': 3, 'thisRepN': 6}>
44.9844 	DATA 	Keypress: b
44.9955 	EXP 	Fixation: autoDraw = False
44.9955 	EXP 	text: autoDraw = False
44.9955 	EXP 	text: foreColor = <psychopy.colors.Color: red, alpha=1.0>
44.9955 	EXP 	text: text = 'BLUE'
44.9955 	EXP 	Fixation: autoDraw = True
45.1134 	EXP 	Device response: <KeyPress from None: t=44.975863399973605, value=b, duration=0.1319941999972798>
45.9958 	INFO 	Keyboard events cleared
45.9956 	EXP 	Fixation: autoDraw = False
45.9956 	EXP 	text: autoDraw = True
46.3121 	EXP 	text: autoDraw = False
46.3460 	EXP 	Device response: <KeyPress from None: t=46.34288379998179, value=r, duration=None>
46.3464 	EXP 	New trial (rep=7, index=0): <Trial 28 (0 in rep 7) data={'word': 'BLUE', 'font_color': 'red', 'con_label': 'incongruent', 'corr_resp': 'r', 'thisN': 28, 'thisTrialN': 0, 'thisRepN': 7}>
46.3486 	DATA 	Keypress: r
46.3618 	EXP 	Fixation: autoDraw = False
46.3618 	EXP 	text: autoDraw = False
46.3618 	EXP 	text: foreColor = <psychopy.colors.Color: red, alpha=1.0>
46.3618 	EXP 	text: text = 'BLUE'
46.3618 	EXP 	Fixation: autoDraw = True
46.4950 	EXP 	Device response: <KeyPress from None: t=46.34288379998179, value=r, duration=0.14480740000726655>
47.3615 	INFO 	Keyboard events cleared
47.3613 	EXP 	Fixation: autoDraw = False
47.3613 	EXP 	text: autoDraw = True
47.6436 	EXP 	Device response: <KeyPress from None: t=47.635366300004534, value=b, duration=None>
47.6440 	EXP 	New trial (rep=7, index=1): <Trial 29 (1 in rep 7) data={'word': 'BLUE', 'font_color': 'blue', 'con_label': 'congruent', 'corr_resp': 'b', 'thisN': 29, 'thisTrialN': 1, 'thisRepN': 7}>
47.6459 	DATA 	Keypress: b
47.6618 	EXP 	Fixation: autoDraw = False
47.6618 	EXP 	text: autoDraw = False
47.6618 	EXP 	text: foreColor = <psychopy.colors.Color: blue, alpha=1.0>
47.6618 	EXP 	text: text = 'BLUE'
47.6618 	EXP 	Fixation: autoDraw = True
47.7455 	EXP 	Device response: <KeyPress from None: t=47.635366300004534, value=b, duration=0.09406179998768494>
48.6451 	INFO 	Keyboard events cleared
48.6449 	EXP 	text: autoDraw = True
48.6623 	EXP 	Fixation: autoDraw = False
48.9444 	EXP 	text: autoDraw = False
48.9465 	DATA 	Keypress: r
48.9619 	EXP 	Device response: <KeyPress from None: t=48.94546439999249, value=r, duration=None>
48.9624 	EXP 	New trial (rep=7, index=2): <Trial 30 (2 in rep 7) data={'word': 'RED', 'font_color': 'blue', 'con_label': 'incongruent', 'corr_resp': 'b', 'thisN': 30, 'thisTrialN': 2, 'thisRepN': 7}>
48.9769 	EXP 	Fixation: autoDraw = False
48.9769 	EXP 	text: autoDraw = False
48.9769 	EXP 	text: foreColor = <psychopy.colors.Color: blue, alpha=1.0>
48.9769 	EXP 	text: height = 0.05
48.9769 	EXP 	text: height = 0.05
48.9769 	EXP 	text: height = 0.05
48.9769 	EXP 	text: text = 'RED'
48.9769 	EXP 	Fixation: autoDraw = True
49.0959 	EXP 	Device response: <KeyPress from None: t=48.94546439999249, value=r, duration=0.14699179999297485>
49.0960 	EXP 	Device response: <KeyPress from None: t=49.095118600002024, value=b, duration=None>
49.0978 	DATA 	Keypress: b
49.2618 	EXP 	Device response: <KeyPress from None: t=49.095118600002024, value=b, duration=0.15211939997971058>
49.9775 	INFO 	Keyboard events cleared
49.9773 	EXP 	Fixation: autoDraw = False
49.9773 	EXP 	text: autoDraw = True
50.2778 	EXP 	text: autoDraw = False
50.3277 	EXP 	Device response: <KeyPress from None: t=50.31787059997441, value=r, duration=None>
50.3282 	EXP 	New trial (rep=7, index=3): <Trial 31 (3 in rep 7) data={'word': 'RED', 'font_color': 'red', 'con_label': 'congruent', 'corr_resp': 'r', 'thisN': 31, 'thisTrialN': 3, 'thisRepN': 7}>
50.3303 	DATA 	Keypress: r
50.3435 	EXP 	Fixation: autoDraw = False
50.3435 	EXP 	text: autoDraw = False
50.3435 	EXP 	text: foreColor = <psychopy.colors.Color: red, alpha=1.0>
50.3435 	EXP 	text: text = 'RED'
50.3435 	EXP 	Fixation: autoDraw = True
50.5270 	EXP 	Device response: <KeyPress from None: t=50.31787059997441, value=r, duration=0.20272330002626404>
51.3428 	INFO 	Keyboard events cleared
51.3426 	EXP 	Fixation: autoDraw = False
51.3426 	EXP 	text: autoDraw = True
51.6447 	EXP 	text: autoDraw = False
51.9274 	EXP 	Device response: <KeyPress from None: t=51.92397369997343, value=b, duration=None>
51.9277 	EXP 	New trial (rep=8, index=0): <Trial 32 (0 in rep 8) data={'word': 'BLUE', 'font_color': 'red', 'con_label': 'incongruent', 'corr_resp': 'r', 'thisN': 32, 'thisTrialN': 0, 'thisRepN': 8}>
51.9329 	DATA 	Keypress: b
51.9424 	EXP 	Fixation: autoDraw = False
51.9424 	EXP 	text: autoDraw = False
51.9424 	EXP 	text: foreColor = <psychopy.colors.Color: red, alpha=1.0>
51.9424 	EXP 	text: height = 0.05
51.9424 	EXP 	text: height = 0.05
51.9424 	EXP 	text: height = 0.05
51.9424 	EXP 	text: text = 'BLUE'
51.9424 	EXP 	Fixation: autoDraw = True
52.0103 	EXP 	Device response: <KeyPress from None: t=51.92397369997343, value=b, duration=0.08037400001194328>
52.9261 	INFO 	Keyboard events cleared
52.9259 	EXP 	text: autoDraw = True
52.9415 	EXP 	Fixation: autoDraw = False
53.2430 	EXP 	text: autoDraw = False
53.8434 	EXP 	Device response: <KeyPress from None: t=53.84239499998512, value=r, duration=None>
53.8437 	EXP 	New trial (rep=8, index=1): <Trial 33 (1 in rep 8) data={'word': 'RED', 'font_color': 'blue', 'con_label': 'incongruent', 'corr_resp': 'b', 'thisN': 33, 'thisTrialN': 1, 'thisRepN': 8}>
53.8482 	DATA 	Keypress: r
53.8586 	EXP 	Fixation: autoDraw = False
53.8586 	EXP 	text: autoDraw = False
53.8586 	EXP 	text: foreColor = <psychopy.colors.Color: blue, alpha=1.0>
53.8586 	EXP 	text: height = 0.05
53.8586 	EXP 	text: height = 0.05
53.8586 	EXP 	text: height = 0.05
53.8586 	EXP 	text: text = 'RED'
53.8586 	EXP 	Fixation: autoDraw = True
54.0088 	EXP 	Device response: <KeyPress from None: t=53.84239499998512, value=r, duration=0.156142899999395>
54.8586 	INFO 	Keyboard events cleared
54.8585 	EXP 	Fixation: autoDraw = False
54.8585 	EXP 	text: autoDraw = True
55.1571 	EXP 	text: autoDraw = False
55.4098 	EXP 	Device response: <KeyPress from None: t=55.39688309998019, value=b, duration=None>
55.4102 	EXP 	New trial (rep=8, index=2): <Trial 34 (2 in rep 8) data={'word': 'RED', 'font_color': 'red', 'con_label': 'congruent', 'corr_resp': 'r', 'thisN': 34, 'thisTrialN': 2, 'thisRepN': 8}>
55.4127 	DATA 	Keypress: b
55.4256 	EXP 	Fixation: autoDraw = False
55.4256 	EXP 	text: autoDraw = False
55.4256 	EXP 	text: foreColor = <psychopy.colors.Color: red, alpha=1.0>
55.4256 	EXP 	text: text = 'RED'
55.4256 	EXP 	Fixation: autoDraw = True
55.5089 	EXP 	Device response: <KeyPress from None: t=55.39688309998019, value=b, duration=0.10445909999543801>
56.4253 	INFO 	Keyboard events cleared
56.4251 	EXP 	Fixation: autoDraw = False
56.4251 	EXP 	text: autoDraw = True
56.7254 	EXP 	text: autoDraw = False
57.2750 	EXP 	Device response: <KeyPress from None: t=57.263321099977475, value=r, duration=None>
57.2754 	EXP 	New trial (rep=8, index=3): <Trial 35 (3 in rep 8) data={'word': 'BLUE', 'font_color': 'blue', 'con_label': 'congruent', 'corr_resp': 'b', 'thisN': 35, 'thisTrialN': 3, 'thisRepN': 8}>
57.2825 	DATA 	Keypress: r
57.2903 	EXP 	Fixation: autoDraw = False
57.2903 	EXP 	text: autoDraw = False
57.2903 	EXP 	text: foreColor = <psychopy.colors.Color: blue, alpha=1.0>
57.2903 	EXP 	text: height = 0.05
57.2903 	EXP 	text: height = 0.05
57.2903 	EXP 	text: height = 0.05
57.2903 	EXP 	text: text = 'BLUE'
57.2903 	EXP 	Fixation: autoDraw = True
57.4094 	EXP 	Device response: <KeyPress from None: t=57.263321099977475, value=r, duration=0.1321878000162542>
57.5766 	EXP 	Device response: <KeyPress from None: t=57.573426399962045, value=b, duration=None>
57.5778 	DATA 	Keypress: b
57.6755 	EXP 	Device response: <KeyPress from None: t=57.573426399962045, value=b, duration=0.08803600003011525>
58.2768 	INFO 	Keyboard events cleared
58.2765 	EXP 	text: autoDraw = True
58.2921 	EXP 	Fixation: autoDraw = False
58.5252 	EXP 	Device response: <KeyPress from None: t=58.50934109999798, value=r, duration=None>
58.5257 	EXP 	New trial (rep=9, index=0): <Trial 36 (0 in rep 9) data={'word': 'BLUE', 'font_color': 'red', 'con_label': 'incongruent', 'corr_resp': 'r', 'thisN': 36, 'thisTrialN': 0, 'thisRepN': 9}>
58.5281 	DATA 	Keypress: r
58.5414 	EXP 	Fixation: autoDraw = False
58.5414 	EXP 	text: autoDraw = False
58.5414 	EXP 	text: foreColor = <psychopy.colors.Color: red, alpha=1.0>
58.5414 	EXP 	text: text = 'BLUE'
58.5414 	EXP 	Fixation: autoDraw = True
58.6591 	EXP 	Device response: <KeyPress from None: t=58.50934109999798, value=r, duration=0.14437459997134283>
59.5407 	INFO 	Keyboard events cleared
59.5405 	EXP 	Fixation: autoDraw = False
59.5405 	EXP 	text: autoDraw = True
59.6406 	EXP 	Device response: <KeyPress from None: t=59.631368800008204, value=b, duration=None>
59.6410 	EXP 	New trial (rep=9, index=1): <Trial 37 (1 in rep 9) data={'word': 'BLUE', 'font_color': 'blue', 'con_label': 'congruent', 'corr_resp': 'b', 'thisN': 37, 'thisTrialN': 1, 'thisRepN': 9}>
59.6433 	DATA 	Keypress: b
59.6579 	EXP 	Fixation: autoDraw = False
59.6579 	EXP 	text: autoDraw = False
59.6579 	EXP 	text: foreColor = <psychopy.colors.Color: blue, alpha=1.0>
59.6579 	EXP 	text: text = 'BLUE'
59.6579 	EXP 	Fixation: autoDraw = True
59.7914 	EXP 	Device response: <KeyPress from None: t=59.631368800008204, value=b, duration=0.14371199999004602>
60.6579 	INFO 	Keyboard events cleared
60.6577 	EXP 	Fixation: autoDraw = False
60.6577 	EXP 	text: autoDraw = True
60.9553 	EXP 	Device response: <KeyPress from None: t=60.94650819996605, value=r, duration=None>
60.9556 	EXP 	New trial (rep=9, index=2): <Trial 38 (2 in rep 9) data={'word': 'RED', 'font_color': 'red', 'con_label': 'congruent', 'corr_resp': 'r', 'thisN': 38, 'thisTrialN': 2, 'thisRepN': 9}>
60.9609 	DATA 	Keypress: r
60.9728 	EXP 	text: autoDraw = False
60.9728 	EXP 	Fixation: autoDraw = False
60.9728 	EXP 	text: autoDraw = False
60.9728 	EXP 	text: foreColor = <psychopy.colors.Color: red, alpha=1.0>
60.9728 	EXP 	text: height = 0.05
60.9728 	EXP 	text: height = 0.05
60.9728 	EXP 	text: height = 0.05
60.9728 	EXP 	text: text = 'RED'
60.9728 	EXP 	Fixation: autoDraw = True
61.0739 	EXP 	Device response: <KeyPress from None: t=60.94650819996605, value=r, duration=0.12239650002447888>
61.9570 	INFO 	Keyboard events cleared
61.9568 	EXP 	text: autoDraw = True
61.9735 	EXP 	Fixation: autoDraw = False
62.2567 	EXP 	text: autoDraw = False
62.2576 	EXP 	Device response: <KeyPress from None: t=62.25167569995392, value=b, duration=None>
62.2580 	EXP 	New trial (rep=9, index=3): <Trial 39 (3 in rep 9) data={'word': 'RED', 'font_color': 'blue', 'con_label': 'incongruent', 'corr_resp': 'b', 'thisN': 39, 'thisTrialN': 3, 'thisRepN': 9}>
62.2602 	DATA 	Keypress: b
62.2732 	EXP 	Fixation: autoDraw = False
62.2732 	EXP 	text: autoDraw = False
62.2732 	EXP 	text: foreColor = <psychopy.colors.Color: blue, alpha=1.0>
62.2732 	EXP 	text: text = 'RED'
62.2732 	EXP 	Fixation: autoDraw = True
62.3567 	EXP 	Device response: <KeyPress from None: t=62.25167569995392, value=b, duration=0.09330860001500696>
63.2729 	INFO 	Keyboard events cleared
63.2726 	EXP 	Fixation: autoDraw = False
63.2726 	EXP 	text: autoDraw = True
63.5874 	EXP 	text: autoDraw = False
63.6221 	EXP 	Device response: <KeyPress from None: t=63.62141749996226, value=b, duration=None>
63.6225 	EXP 	New trial (rep=10, index=0): <Trial 40 (0 in rep 10) data={'word': 'RED', 'font_color': 'blue', 'con_label': 'incongruent', 'corr_resp': 'b', 'thisN': 40, 'thisTrialN': 0, 'thisRepN': 10}>
63.6244 	DATA 	Keypress: b
63.6399 	EXP 	Fixation: autoDraw = False
63.6399 	EXP 	text: autoDraw = False
63.6399 	EXP 	text: foreColor = <psychopy.colors.Color: blue, alpha=1.0>
63.6399 	EXP 	text: text = 'RED'
63.6399 	EXP 	Fixation: autoDraw = True
63.7397 	EXP 	Device response: <KeyPress from None: t=63.62141749996226, value=b, duration=0.1122478999895975>
64.6226 	INFO 	Keyboard events cleared
64.6224 	EXP 	text: autoDraw = True
64.6398 	EXP 	Fixation: autoDraw = False
64.9224 	EXP 	text: autoDraw = False
64.9921 	EXP 	Device response: <KeyPress from None: t=64.99060119997011, value=b, duration=None>
64.9925 	EXP 	New trial (rep=10, index=1): <Trial 41 (1 in rep 10) data={'word': 'BLUE', 'font_color': 'red', 'con_label': 'incongruent', 'corr_resp': 'r', 'thisN': 41, 'thisTrialN': 1, 'thisRepN': 10}>
64.9980 	DATA 	Keypress: b
65.0039 	EXP 	Fixation: autoDraw = False
65.0039 	EXP 	text: autoDraw = False
65.0039 	EXP 	text: foreColor = <psychopy.colors.Color: red, alpha=1.0>
65.0039 	EXP 	text: height = 0.05
65.0039 	EXP 	text: height = 0.05
65.0039 	EXP 	text: height = 0.05
65.0039 	EXP 	text: text = 'BLUE'
65.0039 	EXP 	Fixation: autoDraw = True
65.0902 	EXP 	Device response: <KeyPress from None: t=64.99060119997011, value=b, duration=0.09677599999122322>
66.0050 	INFO 	Keyboard events cleared
66.0048 	EXP 	Fixation: autoDraw = False
66.0048 	EXP 	text: autoDraw = True
66.2396 	EXP 	Device response: <KeyPress from None: t=66.23557849996723, value=r, duration=None>
66.2402 	EXP 	New trial (rep=10, index=2): <Trial 42 (2 in rep 10) data={'word': 'RED', 'font_color': 'red', 'con_label': 'congruent', 'corr_resp': 'r', 'thisN': 42, 'thisTrialN': 2, 'thisRepN': 10}>
66.2466 	DATA 	Keypress: r
66.2537 	EXP 	Fixation: autoDraw = False
66.2537 	EXP 	text: autoDraw = False
66.2537 	EXP 	text: foreColor = <psychopy.colors.Color: red, alpha=1.0>
66.2537 	EXP 	text: height = 0.05
66.2537 	EXP 	text: height = 0.05
66.2537 	EXP 	text: height = 0.05
66.2537 	EXP 	text: text = 'RED'
66.2537 	EXP 	Fixation: autoDraw = True
66.3734 	EXP 	Device response: <KeyPress from None: t=66.23557849996723, value=r, duration=0.1315904000075534>
67.2550 	INFO 	Keyboard events cleared
67.2547 	EXP 	Fixation: autoDraw = False
67.2547 	EXP 	text: autoDraw = True
67.5549 	EXP 	text: autoDraw = False
67.6709 	EXP 	Device response: <KeyPress from None: t=67.6593471999513, value=r, duration=None>
67.6713 	EXP 	New trial (rep=10, index=3): <Trial 43 (3 in rep 10) data={'word': 'BLUE', 'font_color': 'blue', 'con_label': 'congruent', 'corr_resp': 'b', 'thisN': 43, 'thisTrialN': 3, 'thisRepN': 10}>
67.6768 	DATA 	Keypress: r
67.6871 	EXP 	Fixation: autoDraw = False
67.6871 	EXP 	text: autoDraw = False
67.6871 	EXP 	text: foreColor = <psychopy.colors.Color: blue, alpha=1.0>
67.6871 	EXP 	text: height = 0.05
67.6871 	EXP 	text: height = 0.05
67.6871 	EXP 	text: height = 0.05
67.6871 	EXP 	text: text = 'BLUE'
67.6871 	EXP 	Fixation: autoDraw = True
67.8058 	EXP 	Device response: <KeyPress from None: t=67.6593471999513, value=r, duration=0.14098080003168434>
68.6711 	INFO 	Keyboard events cleared
68.6708 	EXP 	text: autoDraw = True
68.6878 	EXP 	Fixation: autoDraw = False
68.9055 	DATA 	Keypress: b
68.9222 	EXP 	Device response: <KeyPress from None: t=68.90499239997007, value=b, duration=None>
68.9228 	EXP 	New trial (rep=11, index=0): <Trial 44 (0 in rep 11) data={'word': 'BLUE', 'font_color': 'red', 'con_label': 'incongruent', 'corr_resp': 'r', 'thisN': 44, 'thisTrialN': 0, 'thisRepN': 11}>
68.9379 	EXP 	Fixation: autoDraw = False
68.9379 	EXP 	text: autoDraw = False
68.9379 	EXP 	text: foreColor = <psychopy.colors.Color: red, alpha=1.0>
68.9379 	EXP 	text: text = 'BLUE'
68.9379 	EXP 	Fixation: autoDraw = True
68.9887 	EXP 	Device response: <KeyPress from None: t=68.90499239997007, value=b, duration=0.08090920001268387>
69.9383 	INFO 	Keyboard events cleared
69.9380 	EXP 	Fixation: autoDraw = False
69.9380 	EXP 	text: autoDraw = True
70.2374 	EXP 	text: autoDraw = False
70.2715 	EXP 	Device response: <KeyPress from None: t=70.25530079996679, value=b, duration=None>
70.2719 	EXP 	New trial (rep=11, index=1): <Trial 45 (1 in rep 11) data={'word': 'RED', 'font_color': 'red', 'con_label': 'congruent', 'corr_resp': 'r', 'thisN': 45, 'thisTrialN': 1, 'thisRepN': 11}>
70.2774 	DATA 	Keypress: b
70.2860 	EXP 	Fixation: autoDraw = False
70.2860 	EXP 	text: autoDraw = False
70.2860 	EXP 	text: foreColor = <psychopy.colors.Color: red, alpha=1.0>
70.2860 	EXP 	text: height = 0.05
70.2860 	EXP 	text: height = 0.05
70.2860 	EXP 	text: height = 0.05
70.2860 	EXP 	text: text = 'RED'
70.2860 	EXP 	Fixation: autoDraw = True
70.3728 	EXP 	Device response: <KeyPress from None: t=70.25530079996679, value=b, duration=0.11402400000952184>
71.2864 	INFO 	Keyboard events cleared
71.2862 	EXP 	Fixation: autoDraw = False
71.2862 	EXP 	text: autoDraw = True
71.6013 	EXP 	text: autoDraw = False
71.6180 	EXP 	Device response: <KeyPress from None: t=71.61021959997015, value=r, duration=None>
71.6183 	EXP 	New trial (rep=11, index=2): <Trial 46 (2 in rep 11) data={'word': 'RED', 'font_color': 'blue', 'con_label': 'incongruent', 'corr_resp': 'b', 'thisN': 46, 'thisTrialN': 2, 'thisRepN': 11}>
71.6204 	DATA 	Keypress: r
71.6355 	EXP 	Fixation: autoDraw = False
71.6355 	EXP 	text: autoDraw = False
71.6355 	EXP 	text: foreColor = <psychopy.colors.Color: blue, alpha=1.0>
71.6355 	EXP 	text: text = 'RED'
71.6355 	EXP 	Fixation: autoDraw = True
71.7530 	EXP 	Device response: <KeyPress from None: t=71.61021959997015, value=r, duration=0.12843250000150874>
72.6182 	INFO 	Keyboard events cleared
72.6180 	EXP 	text: autoDraw = True
72.6345 	EXP 	Fixation: autoDraw = False
72.7852 	EXP 	Device response: <KeyPress from None: t=72.76976369996555, value=b, duration=None>
72.7856 	EXP 	New trial (rep=11, index=3): <Trial 47 (3 in rep 11) data={'word': 'BLUE', 'font_color': 'blue', 'con_label': 'congruent', 'corr_resp': 'b', 'thisN': 47, 'thisTrialN': 3, 'thisRepN': 11}>
72.7919 	DATA 	Keypress: b
72.8015 	EXP 	Fixation: autoDraw = False
72.8015 	EXP 	text: autoDraw = False
72.8015 	EXP 	text: foreColor = <psychopy.colors.Color: blue, alpha=1.0>
72.8015 	EXP 	text: height = 0.05
72.8015 	EXP 	text: height = 0.05
72.8015 	EXP 	text: height = 0.05
72.8015 	EXP 	text: text = 'BLUE'
72.8015 	EXP 	Fixation: autoDraw = True
72.8866 	EXP 	Device response: <KeyPress from None: t=72.76976369996555, value=b, duration=0.10270920000039041>
73.7866 	INFO 	Keyboard events cleared
73.7864 	EXP 	text: autoDraw = True
73.8025 	EXP 	Fixation: autoDraw = False
73.8532 	DATA 	Keypress: r
73.8684 	EXP 	Device response: <KeyPress from None: t=73.85223279998172, value=r, duration=None>
73.8687 	EXP 	New trial (rep=12, index=0): <Trial 48 (0 in rep 12) data={'word': 'RED', 'font_color': 'blue', 'con_label': 'incongruent', 'corr_resp': 'b', 'thisN': 48, 'thisTrialN': 0, 'thisRepN': 12}>
73.8854 	EXP 	Fixation: autoDraw = False
73.8854 	EXP 	text: autoDraw = False
73.8854 	EXP 	text: foreColor = <psychopy.colors.Color: blue, alpha=1.0>
73.8854 	EXP 	text: height = 0.05
73.8854 	EXP 	text: height = 0.05
73.8854 	EXP 	text: height = 0.05
73.8854 	EXP 	text: text = 'RED'
73.8854 	EXP 	Fixation: autoDraw = True
74.0033 	EXP 	Device response: <KeyPress from None: t=73.85223279998172, value=r, duration=0.13686570001300424>
74.8690 	INFO 	Keyboard events cleared
74.8688 	EXP 	text: autoDraw = True
74.8840 	EXP 	Fixation: autoDraw = False
75.1842 	EXP 	text: autoDraw = False
75.5529 	EXP 	Device response: <KeyPress from None: t=75.54891549999593, value=b, duration=None>
75.5532 	EXP 	New trial (rep=12, index=1): <Trial 49 (1 in rep 12) data={'word': 'BLUE', 'font_color': 'red', 'con_label': 'incongruent', 'corr_resp': 'r', 'thisN': 49, 'thisTrialN': 1, 'thisRepN': 12}>
75.5582 	DATA 	Keypress: b
75.5681 	EXP 	Fixation: autoDraw = False
75.5681 	EXP 	text: autoDraw = False
75.5681 	EXP 	text: foreColor = <psychopy.colors.Color: red, alpha=1.0>
75.5681 	EXP 	text: height = 0.05
75.5681 	EXP 	text: height = 0.05
75.5681 	EXP 	text: height = 0.05
75.5681 	EXP 	text: text = 'BLUE'
75.5681 	EXP 	Fixation: autoDraw = True
75.6521 	EXP 	Device response: <KeyPress from None: t=75.54891549999593, value=b, duration=0.09424419997958466>
76.5514 	INFO 	Keyboard events cleared
76.5511 	EXP 	text: autoDraw = True
76.5680 	EXP 	Fixation: autoDraw = False
76.8511 	EXP 	text: autoDraw = False
76.9515 	EXP 	Device response: <KeyPress from None: t=76.9437973999884, value=r, duration=None>
76.9519 	EXP 	New trial (rep=12, index=2): <Trial 50 (2 in rep 12) data={'word': 'RED', 'font_color': 'red', 'con_label': 'congruent', 'corr_resp': 'r', 'thisN': 50, 'thisTrialN': 2, 'thisRepN': 12}>
76.9590 	DATA 	Keypress: r
76.9672 	EXP 	Fixation: autoDraw = False
76.9672 	EXP 	text: autoDraw = False
76.9672 	EXP 	text: foreColor = <psychopy.colors.Color: red, alpha=1.0>
76.9672 	EXP 	text: height = 0.05
76.9672 	EXP 	text: height = 0.05
76.9672 	EXP 	text: height = 0.05
76.9672 	EXP 	text: text = 'RED'
76.9672 	EXP 	Fixation: autoDraw = True
77.0678 	EXP 	Device response: <KeyPress from None: t=76.9437973999884, value=r, duration=0.11362640000879765>
77.9510 	INFO 	Keyboard events cleared
77.9507 	EXP 	text: autoDraw = True
77.9663 	EXP 	Fixation: autoDraw = False
78.2511 	EXP 	text: autoDraw = False
78.6679 	EXP 	Device response: <KeyPress from None: t=78.6610956999939, value=r, duration=None>
78.6683 	EXP 	New trial (rep=12, index=3): <Trial 51 (3 in rep 12) data={'word': 'BLUE', 'font_color': 'blue', 'con_label': 'congruent', 'corr_resp': 'b', 'thisN': 51, 'thisTrialN': 3, 'thisRepN': 12}>
78.6734 	DATA 	Keypress: r
78.6832 	EXP 	Fixation: autoDraw = False
78.6832 	EXP 	text: autoDraw = False
78.6832 	EXP 	text: foreColor = <psychopy.colors.Color: blue, alpha=1.0>
78.6832 	EXP 	text: height = 0.05
78.6832 	EXP 	text: height = 0.05
78.6832 	EXP 	text: height = 0.05
78.6832 	EXP 	text: text = 'BLUE'
78.6832 	EXP 	Fixation: autoDraw = True
78.7850 	EXP 	Device response: <KeyPress from None: t=78.6610956999939, value=r, duration=0.10699529998237267>
79.6670 	INFO 	Keyboard events cleared
79.6668 	EXP 	text: autoDraw = True
79.6842 	EXP 	Fixation: autoDraw = False
79.9672 	EXP 	text: autoDraw = False
80.0847 	EXP 	Device response: <KeyPress from None: t=80.07373659999575, value=b, duration=None>
80.0850 	EXP 	New trial (rep=13, index=0): <Trial 52 (0 in rep 13) data={'word': 'RED', 'font_color': 'red', 'con_label': 'congruent', 'corr_resp': 'r', 'thisN': 52, 'thisTrialN': 0, 'thisRepN': 13}>
80.0898 	DATA 	Keypress: b
80.0994 	EXP 	Fixation: autoDraw = False
80.0994 	EXP 	text: autoDraw = False
80.0994 	EXP 	text: foreColor = <psychopy.colors.Color: red, alpha=1.0>
80.0994 	EXP 	text: height = 0.05
80.0994 	EXP 	text: height = 0.05
80.0994 	EXP 	text: height = 0.05
80.0994 	EXP 	text: text = 'RED'
80.0994 	EXP 	Fixation: autoDraw = True
80.1831 	EXP 	Device response: <KeyPress from None: t=80.07373659999575, value=b, duration=0.10126889997627586>
81.0833 	INFO 	Keyboard events cleared
81.0831 	EXP 	text: autoDraw = True
81.1001 	EXP 	Fixation: autoDraw = False
81.3837 	EXP 	text: autoDraw = False
81.8330 	EXP 	Device response: <KeyPress from None: t=81.82543969998369, value=r, duration=None>
81.8334 	EXP 	New trial (rep=13, index=1): <Trial 53 (1 in rep 13) data={'word': 'BLUE', 'font_color': 'red', 'con_label': 'incongruent', 'corr_resp': 'r', 'thisN': 53, 'thisTrialN': 1, 'thisRepN': 13}>
81.8394 	DATA 	Keypress: r
81.8487 	EXP 	Fixation: autoDraw = False
81.8487 	EXP 	text: autoDraw = False
81.8487 	EXP 	text: foreColor = <psychopy.colors.Color: red, alpha=1.0>
81.8487 	EXP 	text: height = 0.05
81.8487 	EXP 	text: height = 0.05
81.8487 	EXP 	text: height = 0.05
81.8487 	EXP 	text: text = 'BLUE'
81.8487 	EXP 	Fixation: autoDraw = True
81.9328 	EXP 	Device response: <KeyPress from None: t=81.82543969998369, value=r, duration=0.10139789996901527>
82.8498 	INFO 	Keyboard events cleared
82.8495 	EXP 	Fixation: autoDraw = False
82.8495 	EXP 	text: autoDraw = True
83.1496 	EXP 	text: autoDraw = False
83.7337 	EXP 	Device response: <KeyPress from None: t=83.72535419999622, value=r, duration=None>
83.7340 	EXP 	New trial (rep=13, index=2): <Trial 54 (2 in rep 13) data={'word': 'BLUE', 'font_color': 'blue', 'con_label': 'congruent', 'corr_resp': 'b', 'thisN': 54, 'thisTrialN': 2, 'thisRepN': 13}>
83.7363 	DATA 	Keypress: r
83.7481 	EXP 	Fixation: autoDraw = False
83.7481 	EXP 	text: autoDraw = False
83.7481 	EXP 	text: foreColor = <psychopy.colors.Color: blue, alpha=1.0>
83.7481 	EXP 	text: text = 'BLUE'
83.7481 	EXP 	Fixation: autoDraw = True
83.8831 	EXP 	Device response: <KeyPress from None: t=83.72535419999622, value=r, duration=0.14065979997394606>
84.7304 	INFO 	Keyboard events cleared
84.7303 	EXP 	text: autoDraw = True
84.7646 	EXP 	Fixation: autoDraw = False
85.0326 	EXP 	text: autoDraw = False
85.1665 	EXP 	Device response: <KeyPress from None: t=85.15423960000044, value=b, duration=None>
85.1669 	EXP 	New trial (rep=13, index=3): <Trial 55 (3 in rep 13) data={'word': 'RED', 'font_color': 'blue', 'con_label': 'incongruent', 'corr_resp': 'b', 'thisN': 55, 'thisTrialN': 3, 'thisRepN': 13}>
85.1723 	DATA 	Keypress: b
85.1801 	EXP 	Fixation: autoDraw = False
85.1801 	EXP 	text: autoDraw = False
85.1801 	EXP 	text: foreColor = <psychopy.colors.Color: blue, alpha=1.0>
85.1801 	EXP 	text: height = 0.05
85.1801 	EXP 	text: height = 0.05
85.1801 	EXP 	text: height = 0.05
85.1801 	EXP 	text: text = 'RED'
85.1801 	EXP 	Fixation: autoDraw = True
85.2475 	EXP 	Device response: <KeyPress from None: t=85.15423960000044, value=b, duration=0.0874199999962002>
86.1821 	INFO 	Keyboard events cleared
86.1819 	EXP 	Fixation: autoDraw = False
86.1819 	EXP 	text: autoDraw = True
86.4988 	EXP 	text: autoDraw = False
87.0978 	EXP 	Device response: <KeyPress from None: t=87.0887627999764, value=b, duration=None>
87.0983 	EXP 	New trial (rep=14, index=0): <Trial 56 (0 in rep 14) data={'word': 'BLUE', 'font_color': 'blue', 'con_label': 'congruent', 'corr_resp': 'b', 'thisN': 56, 'thisTrialN': 0, 'thisRepN': 14}>
87.1049 	DATA 	Keypress: b
87.1140 	EXP 	Fixation: autoDraw = False
87.1140 	EXP 	text: autoDraw = False
87.1140 	EXP 	text: foreColor = <psychopy.colors.Color: blue, alpha=1.0>
87.1140 	EXP 	text: height = 0.05
87.1140 	EXP 	text: height = 0.05
87.1140 	EXP 	text: height = 0.05
87.1140 	EXP 	text: text = 'BLUE'
87.1140 	EXP 	Fixation: autoDraw = True
87.2144 	EXP 	Device response: <KeyPress from None: t=87.0887627999764, value=b, duration=0.12277309998171404>
88.0969 	INFO 	Keyboard events cleared
88.0967 	EXP 	text: autoDraw = True
88.1124 	EXP 	Fixation: autoDraw = False
88.3977 	EXP 	text: autoDraw = False
88.6646 	EXP 	Device response: <KeyPress from None: t=88.65855469997041, value=b, duration=None>
88.6652 	EXP 	New trial (rep=14, index=1): <Trial 57 (1 in rep 14) data={'word': 'BLUE', 'font_color': 'red', 'con_label': 'incongruent', 'corr_resp': 'r', 'thisN': 57, 'thisTrialN': 1, 'thisRepN': 14}>
88.6673 	DATA 	Keypress: b
88.6816 	EXP 	Fixation: autoDraw = False
88.6816 	EXP 	text: autoDraw = False
88.6816 	EXP 	text: foreColor = <psychopy.colors.Color: red, alpha=1.0>
88.6816 	EXP 	text: text = 'BLUE'
88.6816 	EXP 	Fixation: autoDraw = True
88.7477 	EXP 	Device response: <KeyPress from None: t=88.65855469997041, value=b, duration=0.07881780003663152>
89.6639 	INFO 	Keyboard events cleared
89.6637 	EXP 	text: autoDraw = True
89.6973 	EXP 	Fixation: autoDraw = False
89.9810 	EXP 	text: autoDraw = False
90.1472 	EXP 	Device response: <KeyPress from None: t=90.1444375999854, value=r, duration=None>
90.1476 	EXP 	New trial (rep=14, index=2): <Trial 58 (2 in rep 14) data={'word': 'RED', 'font_color': 'red', 'con_label': 'congruent', 'corr_resp': 'r', 'thisN': 58, 'thisTrialN': 2, 'thisRepN': 14}>
90.1533 	DATA 	Keypress: r
90.1622 	EXP 	Fixation: autoDraw = False
90.1622 	EXP 	text: autoDraw = False
90.1622 	EXP 	text: foreColor = <psychopy.colors.Color: red, alpha=1.0>
90.1622 	EXP 	text: height = 0.05
90.1622 	EXP 	text: height = 0.05
90.1622 	EXP 	text: height = 0.05
90.1622 	EXP 	text: text = 'RED'
90.1622 	EXP 	Fixation: autoDraw = True
90.2804 	EXP 	Device response: <KeyPress from None: t=90.1444375999854, value=r, duration=0.12230109999654815>
91.1472 	INFO 	Keyboard events cleared
91.1470 	EXP 	text: autoDraw = True
91.1646 	EXP 	Fixation: autoDraw = False
91.4475 	EXP 	text: autoDraw = False
91.7293 	EXP 	Device response: <KeyPress from None: t=91.72203379997518, value=r, duration=None>
91.7296 	EXP 	New trial (rep=14, index=3): <Trial 59 (3 in rep 14) data={'word': 'RED', 'font_color': 'blue', 'con_label': 'incongruent', 'corr_resp': 'b', 'thisN': 59, 'thisTrialN': 3, 'thisRepN': 14}>
91.7315 	DATA 	Keypress: r
91.7474 	EXP 	Fixation: autoDraw = False
91.7474 	EXP 	text: autoDraw = False
91.7474 	EXP 	text: foreColor = <psychopy.colors.Color: blue, alpha=1.0>
91.7474 	EXP 	text: text = 'RED'
91.7474 	EXP 	Fixation: autoDraw = True
91.8479 	EXP 	Device response: <KeyPress from None: t=91.72203379997518, value=r, duration=0.12248329998692498>
92.7300 	INFO 	Keyboard events cleared
92.7297 	EXP 	text: autoDraw = True
92.7464 	EXP 	Fixation: autoDraw = False
93.0452 	EXP 	text: autoDraw = False
93.1145 	EXP 	Device response: <KeyPress from None: t=93.0999276000075, value=b, duration=None>
93.1150 	EXP 	New trial (rep=15, index=0): <Trial 60 (0 in rep 15) data={'word': 'BLUE', 'font_color': 'red', 'con_label': 'incongruent', 'corr_resp': 'r', 'thisN': 60, 'thisTrialN': 0, 'thisRepN': 15}>
93.1201 	DATA 	Keypress: b
93.1290 	EXP 	Fixation: autoDraw = False
93.1290 	EXP 	text: autoDraw = False
93.1290 	EXP 	text: foreColor = <psychopy.colors.Color: red, alpha=1.0>
93.1290 	EXP 	text: height = 0.05
93.1290 	EXP 	text: height = 0.05
93.1290 	EXP 	text: height = 0.05
93.1290 	EXP 	text: text = 'BLUE'
93.1290 	EXP 	Fixation: autoDraw = True
93.1966 	EXP 	Device response: <KeyPress from None: t=93.0999276000075, value=b, duration=0.09259479999309406>
94.1303 	INFO 	Keyboard events cleared
94.1301 	EXP 	Fixation: autoDraw = False
94.1301 	EXP 	text: autoDraw = True
94.4453 	EXP 	text: autoDraw = False
94.5617 	EXP 	Device response: <KeyPress from None: t=94.55215419997694, value=r, duration=None>
94.5622 	EXP 	New trial (rep=15, index=1): <Trial 61 (1 in rep 15) data={'word': 'BLUE', 'font_color': 'blue', 'con_label': 'congruent', 'corr_resp': 'b', 'thisN': 61, 'thisTrialN': 1, 'thisRepN': 15}>
94.5653 	DATA 	Keypress: r
94.5789 	EXP 	Fixation: autoDraw = False
94.5789 	EXP 	text: autoDraw = False
94.5789 	EXP 	text: foreColor = <psychopy.colors.Color: blue, alpha=1.0>
94.5789 	EXP 	text: text = 'BLUE'
94.5789 	EXP 	Fixation: autoDraw = True
94.6608 	EXP 	Device response: <KeyPress from None: t=94.55215419997694, value=r, duration=0.10280849999981001>
95.5624 	INFO 	Keyboard events cleared
95.5621 	EXP 	text: autoDraw = True
95.5786 	EXP 	Fixation: autoDraw = False
95.8618 	EXP 	text: autoDraw = False
95.9770 	EXP 	Device response: <KeyPress from None: t=95.96692229999462, value=b, duration=None>
95.9774 	EXP 	New trial (rep=15, index=2): <Trial 62 (2 in rep 15) data={'word': 'RED', 'font_color': 'red', 'con_label': 'congruent', 'corr_resp': 'r', 'thisN': 62, 'thisTrialN': 2, 'thisRepN': 15}>
95.9828 	DATA 	Keypress: b
95.9934 	EXP 	Fixation: autoDraw = False
95.9934 	EXP 	text: autoDraw = False
95.9934 	EXP 	text: foreColor = <psychopy.colors.Color: red, alpha=1.0>
95.9934 	EXP 	text: height = 0.05
95.9934 	EXP 	text: height = 0.05
95.9934 	EXP 	text: height = 0.05
95.9934 	EXP 	text: text = 'RED'
95.9934 	EXP 	Fixation: autoDraw = True
96.0801 	EXP 	Device response: <KeyPress from None: t=95.96692229999462, value=b, duration=0.09584179997909814>
96.9780 	INFO 	Keyboard events cleared
96.9778 	EXP 	text: autoDraw = True
96.9954 	EXP 	Fixation: autoDraw = False
97.2777 	EXP 	text: autoDraw = False
97.5148 	DATA 	Keypress: r
97.5268 	EXP 	Device response: <KeyPress from None: t=97.51333729998441, value=r, duration=None>
97.5272 	EXP 	New trial (rep=15, index=3): <Trial 63 (3 in rep 15) data={'word': 'RED', 'font_color': 'blue', 'con_label': 'incongruent', 'corr_resp': 'b', 'thisN': 63, 'thisTrialN': 3, 'thisRepN': 15}>
97.5449 	EXP 	Fixation: autoDraw = False
97.5449 	EXP 	text: autoDraw = False
97.5449 	EXP 	text: foreColor = <psychopy.colors.Color: blue, alpha=1.0>
97.5449 	EXP 	text: text = 'RED'
97.5449 	EXP 	Fixation: autoDraw = True
97.6447 	EXP 	Device response: <KeyPress from None: t=97.51333729998441, value=r, duration=0.1277747999993153>
98.5278 	INFO 	Keyboard events cleared
98.5277 	EXP 	text: autoDraw = True
98.5445 	EXP 	Fixation: autoDraw = False
98.8280 	EXP 	text: autoDraw = False
99.0599 	EXP 	Device response: <KeyPress from None: t=99.05007060000207, value=r, duration=None>
99.0603 	EXP 	New trial (rep=16, index=0): <Trial 64 (0 in rep 16) data={'word': 'BLUE', 'font_color': 'blue', 'con_label': 'congruent', 'corr_resp': 'b', 'thisN': 64, 'thisTrialN': 0, 'thisRepN': 16}>
99.0655 	DATA 	Keypress: r
99.0763 	EXP 	Fixation: autoDraw = False
99.0763 	EXP 	text: autoDraw = False
99.0763 	EXP 	text: foreColor = <psychopy.colors.Color: blue, alpha=1.0>
99.0763 	EXP 	text: height = 0.05
99.0763 	EXP 	text: height = 0.05
99.0763 	EXP 	text: height = 0.05
99.0763 	EXP 	text: text = 'BLUE'
99.0763 	EXP 	Fixation: autoDraw = True
99.1778 	EXP 	Device response: <KeyPress from None: t=99.05007060000207, value=r, duration=0.12221879995195195>
100.0610 	INFO 	Keyboard events cleared
100.0608 	EXP 	text: autoDraw = True
100.0779 	EXP 	Fixation: autoDraw = False
100.3597 	EXP 	text: autoDraw = False
100.5934 	EXP 	Device response: <KeyPress from None: t=100.5858903999906, value=b, duration=None>
100.5939 	EXP 	New trial (rep=16, index=1): <Trial 65 (1 in rep 16) data={'word': 'RED', 'font_color': 'red', 'con_label': 'congruent', 'corr_resp': 'r', 'thisN': 65, 'thisTrialN': 1, 'thisRepN': 16}>
100.6006 	DATA 	Keypress: b
100.6086 	EXP 	Fixation: autoDraw = False
100.6086 	EXP 	text: autoDraw = False
100.6086 	EXP 	text: foreColor = <psychopy.colors.Color: red, alpha=1.0>
100.6086 	EXP 	text: height = 0.05
100.6086 	EXP 	text: height = 0.05
100.6086 	EXP 	text: height = 0.05
100.6086 	EXP 	text: text = 'RED'
100.6086 	EXP 	Fixation: autoDraw = True
100.6928 	EXP 	Device response: <KeyPress from None: t=100.5858903999906, value=b, duration=0.09915690001798794>
101.5936 	INFO 	Keyboard events cleared
101.5933 	EXP 	text: autoDraw = True
101.6102 	EXP 	Fixation: autoDraw = False
101.8938 	EXP 	text: autoDraw = False
102.3276 	EXP 	Device response: <KeyPress from None: t=102.31211149995215, value=r, duration=None>
102.3280 	EXP 	New trial (rep=16, index=2): <Trial 66 (2 in rep 16) data={'word': 'BLUE', 'font_color': 'red', 'con_label': 'incongruent', 'corr_resp': 'r', 'thisN': 66, 'thisTrialN': 2, 'thisRepN': 16}>
102.3339 	DATA 	Keypress: r
102.3411 	EXP 	Fixation: autoDraw = False
102.3411 	EXP 	text: autoDraw = False
102.3411 	EXP 	text: foreColor = <psychopy.colors.Color: red, alpha=1.0>
102.3411 	EXP 	text: height = 0.05
102.3411 	EXP 	text: height = 0.05
102.3411 	EXP 	text: height = 0.05
102.3411 	EXP 	text: text = 'BLUE'
102.3411 	EXP 	Fixation: autoDraw = True
102.4272 	EXP 	Device response: <KeyPress from None: t=102.31211149995215, value=r, duration=0.10493620001943782>
103.3407 	INFO 	Keyboard events cleared
103.3406 	EXP 	Fixation: autoDraw = False
103.3406 	EXP 	text: autoDraw = True
103.6403 	EXP 	text: autoDraw = False
103.7255 	DATA 	Keypress: r
103.7405 	EXP 	Device response: <KeyPress from None: t=103.72503539995523, value=r, duration=None>
103.7407 	EXP 	New trial (rep=16, index=3): <Trial 67 (3 in rep 16) data={'word': 'RED', 'font_color': 'blue', 'con_label': 'incongruent', 'corr_resp': 'b', 'thisN': 67, 'thisTrialN': 3, 'thisRepN': 16}>
103.7573 	EXP 	Fixation: autoDraw = False
103.7573 	EXP 	text: autoDraw = False
103.7573 	EXP 	text: foreColor = <psychopy.colors.Color: blue, alpha=1.0>
103.7573 	EXP 	text: height = 0.05
103.7573 	EXP 	text: height = 0.05
103.7573 	EXP 	text: height = 0.05
103.7573 	EXP 	text: text = 'RED'
103.7573 	EXP 	Fixation: autoDraw = True
103.8407 	EXP 	Device response: <KeyPress from None: t=103.72503539995523, value=r, duration=0.10950680001405999>
104.7569 	INFO 	Keyboard events cleared
104.7568 	EXP 	Fixation: autoDraw = False
104.7568 	EXP 	text: autoDraw = True
105.0561 	EXP 	text: autoDraw = False
105.3242 	EXP 	Device response: <KeyPress from None: t=105.31084329995792, value=b, duration=None>
105.3246 	EXP 	New trial (rep=17, index=0): <Trial 68 (0 in rep 17) data={'word': 'BLUE', 'font_color': 'blue', 'con_label': 'congruent', 'corr_resp': 'b', 'thisN': 68, 'thisTrialN': 0, 'thisRepN': 17}>
105.3318 	DATA 	Keypress: b
105.3432 	EXP 	Fixation: autoDraw = False
105.3432 	EXP 	text: autoDraw = False
105.3432 	EXP 	text: foreColor = <psychopy.colors.Color: blue, alpha=1.0>
105.3432 	EXP 	text: height = 0.05
105.3432 	EXP 	text: height = 0.05
105.3432 	EXP 	text: height = 0.05
105.3432 	EXP 	text: text = 'BLUE'
105.3432 	EXP 	Fixation: autoDraw = True
105.4564 	EXP 	Device response: <KeyPress from None: t=105.31084329995792, value=b, duration=0.131381000042893>
106.3412 	INFO 	Keyboard events cleared
106.3409 	EXP 	text: autoDraw = True
106.3560 	EXP 	Fixation: autoDraw = False
106.6562 	EXP 	text: autoDraw = False
106.8730 	EXP 	Device response: <KeyPress from None: t=106.85973379999632, value=b, duration=None>
106.8732 	EXP 	New trial (rep=17, index=1): <Trial 69 (1 in rep 17) data={'word': 'BLUE', 'font_color': 'red', 'con_label': 'incongruent', 'corr_resp': 'r', 'thisN': 69, 'thisTrialN': 1, 'thisRepN': 17}>
106.8748 	DATA 	Keypress: b
106.8895 	EXP 	Fixation: autoDraw = False
106.8895 	EXP 	text: autoDraw = False
106.8895 	EXP 	text: foreColor = <psychopy.colors.Color: red, alpha=1.0>
106.8895 	EXP 	text: text = 'BLUE'
106.8895 	EXP 	Fixation: autoDraw = True
106.9567 	EXP 	Device response: <KeyPress from None: t=106.85973379999632, value=b, duration=0.092508599977009>
107.8733 	INFO 	Keyboard events cleared
107.8730 	EXP 	text: autoDraw = True
107.8896 	EXP 	Fixation: autoDraw = False
108.1724 	EXP 	text: autoDraw = False
108.5568 	EXP 	Device response: <KeyPress from None: t=108.55588880000869, value=b, duration=None>
108.5574 	EXP 	New trial (rep=17, index=2): <Trial 70 (2 in rep 17) data={'word': 'RED', 'font_color': 'red', 'con_label': 'congruent', 'corr_resp': 'r', 'thisN': 70, 'thisTrialN': 2, 'thisRepN': 17}>
108.5638 	DATA 	Keypress: b
108.5729 	EXP 	Fixation: autoDraw = False
108.5729 	EXP 	text: autoDraw = False
108.5729 	EXP 	text: foreColor = <psychopy.colors.Color: red, alpha=1.0>
108.5729 	EXP 	text: height = 0.05
108.5729 	EXP 	text: height = 0.05
108.5729 	EXP 	text: height = 0.05
108.5729 	EXP 	text: text = 'RED'
108.5729 	EXP 	Fixation: autoDraw = True
108.6397 	EXP 	Device response: <KeyPress from None: t=108.55588880000869, value=b, duration=0.08029419998638332>
109.5734 	INFO 	Keyboard events cleared
109.5731 	EXP 	Fixation: autoDraw = False
109.5731 	EXP 	text: autoDraw = True
109.8909 	EXP 	text: autoDraw = False
109.9585 	EXP 	Device response: <KeyPress from None: t=109.9572428999818, value=r, duration=None>
109.9588 	EXP 	New trial (rep=17, index=3): <Trial 71 (3 in rep 17) data={'word': 'RED', 'font_color': 'blue', 'con_label': 'incongruent', 'corr_resp': 'b', 'thisN': 71, 'thisTrialN': 3, 'thisRepN': 17}>
109.9603 	DATA 	Keypress: r
109.9721 	EXP 	Fixation: autoDraw = False
109.9721 	EXP 	text: autoDraw = False
109.9721 	EXP 	text: foreColor = <psychopy.colors.Color: blue, alpha=1.0>
109.9721 	EXP 	text: text = 'RED'
109.9721 	EXP 	Fixation: autoDraw = True
110.1079 	EXP 	Device response: <KeyPress from None: t=109.9572428999818, value=r, duration=0.1474443000042811>
110.9736 	INFO 	Keyboard events cleared
110.9734 	EXP 	Fixation: autoDraw = False
110.9734 	EXP 	text: autoDraw = True
111.2727 	EXP 	text: autoDraw = False
111.8067 	EXP 	Device response: <KeyPress from None: t=111.80119440000271, value=b, duration=None>
111.8071 	EXP 	New trial (rep=18, index=0): <Trial 72 (0 in rep 18) data={'word': 'BLUE', 'font_color': 'blue', 'con_label': 'congruent', 'corr_resp': 'b', 'thisN': 72, 'thisTrialN': 0, 'thisRepN': 18}>
111.8128 	DATA 	Keypress: b
111.8213 	EXP 	Fixation: autoDraw = False
111.8213 	EXP 	text: autoDraw = False
111.8213 	EXP 	text: foreColor = <psychopy.colors.Color: blue, alpha=1.0>
111.8213 	EXP 	text: height = 0.05
111.8213 	EXP 	text: height = 0.05
111.8213 	EXP 	text: height = 0.05
111.8213 	EXP 	text: text = 'BLUE'
111.8213 	EXP 	Fixation: autoDraw = True
111.9078 	EXP 	Device response: <KeyPress from None: t=111.80119440000271, value=b, duration=0.10376789997098967>
112.8063 	INFO 	Keyboard events cleared
112.8061 	EXP 	text: autoDraw = True
112.8225 	EXP 	Fixation: autoDraw = False
113.1058 	EXP 	text: autoDraw = False
113.4232 	EXP 	Device response: <KeyPress from None: t=113.42292819998693, value=b, duration=None>
113.4236 	EXP 	New trial (rep=18, index=1): <Trial 73 (1 in rep 18) data={'word': 'RED', 'font_color': 'blue', 'con_label': 'incongruent', 'corr_resp': 'b', 'thisN': 73, 'thisTrialN': 1, 'thisRepN': 18}>
113.4288 	DATA 	Keypress: b
113.4385 	EXP 	Fixation: autoDraw = False
113.4385 	EXP 	text: autoDraw = False
113.4385 	EXP 	text: foreColor = <psychopy.colors.Color: blue, alpha=1.0>
113.4385 	EXP 	text: height = 0.05
113.4385 	EXP 	text: height = 0.05
113.4385 	EXP 	text: height = 0.05
113.4385 	EXP 	text: text = 'RED'
113.4385 	EXP 	Fixation: autoDraw = True
113.5396 	EXP 	Device response: <KeyPress from None: t=113.42292819998693, value=b, duration=0.11067369999364018>
114.4207 	INFO 	Keyboard events cleared
114.4206 	EXP 	text: autoDraw = True
114.4558 	EXP 	Fixation: autoDraw = False
114.7205 	EXP 	text: autoDraw = False
114.9400 	EXP 	Device response: <KeyPress from None: t=114.93973260000348, value=b, duration=None>
114.9411 	DATA 	Keypress: b
114.9563 	EXP 	New trial (rep=18, index=2): <Trial 74 (2 in rep 18) data={'word': 'BLUE', 'font_color': 'red', 'con_label': 'incongruent', 'corr_resp': 'r', 'thisN': 74, 'thisTrialN': 2, 'thisRepN': 18}>
114.9708 	EXP 	Fixation: autoDraw = False
114.9708 	EXP 	text: autoDraw = False
114.9708 	EXP 	text: foreColor = <psychopy.colors.Color: red, alpha=1.0>
114.9708 	EXP 	text: height = 0.05
114.9708 	EXP 	text: height = 0.05
114.9708 	EXP 	text: height = 0.05
114.9708 	EXP 	text: text = 'BLUE'
114.9708 	EXP 	Fixation: autoDraw = True
115.0725 	EXP 	Device response: <KeyPress from None: t=114.93973260000348, value=b, duration=0.12103969999589026>
115.9537 	INFO 	Keyboard events cleared
115.9535 	EXP 	text: autoDraw = True
115.9712 	EXP 	Fixation: autoDraw = False
116.2544 	EXP 	text: autoDraw = False
116.4378 	EXP 	Device response: <KeyPress from None: t=116.43082700000377, value=r, duration=None>
116.4382 	EXP 	New trial (rep=18, index=3): <Trial 75 (3 in rep 18) data={'word': 'RED', 'font_color': 'red', 'con_label': 'congruent', 'corr_resp': 'r', 'thisN': 75, 'thisTrialN': 3, 'thisRepN': 18}>
116.4428 	DATA 	Keypress: r
116.4534 	EXP 	Fixation: autoDraw = False
116.4534 	EXP 	text: autoDraw = False
116.4534 	EXP 	text: foreColor = <psychopy.colors.Color: red, alpha=1.0>
116.4534 	EXP 	text: height = 0.05
116.4534 	EXP 	text: height = 0.05
116.4534 	EXP 	text: height = 0.05
116.4534 	EXP 	text: text = 'RED'
116.4534 	EXP 	Fixation: autoDraw = True
116.5886 	EXP 	Device response: <KeyPress from None: t=116.43082700000377, value=r, duration=0.14788709999993443>
117.4375 	INFO 	Keyboard events cleared
117.4374 	EXP 	text: autoDraw = True
117.4545 	EXP 	Fixation: autoDraw = False
117.7376 	EXP 	text: autoDraw = False
117.9212 	EXP 	Device response: <KeyPress from None: t=117.90844529995229, value=r, duration=None>
117.9216 	EXP 	New trial (rep=19, index=0): <Trial 76 (0 in rep 19) data={'word': 'BLUE', 'font_color': 'red', 'con_label': 'incongruent', 'corr_resp': 'r', 'thisN': 76, 'thisTrialN': 0, 'thisRepN': 19}>
117.9267 	DATA 	Keypress: r
117.9364 	EXP 	Fixation: autoDraw = False
117.9364 	EXP 	text: autoDraw = False
117.9364 	EXP 	text: foreColor = <psychopy.colors.Color: red, alpha=1.0>
117.9364 	EXP 	text: height = 0.05
117.9364 	EXP 	text: height = 0.05
117.9364 	EXP 	text: height = 0.05
117.9364 	EXP 	text: text = 'BLUE'
117.9364 	EXP 	Fixation: autoDraw = True
118.1066 	EXP 	Device response: <KeyPress from None: t=117.90844529995229, value=r, duration=0.1947366000385955>
118.9208 	INFO 	Keyboard events cleared
118.9206 	EXP 	text: autoDraw = True
118.9371 	EXP 	Fixation: autoDraw = False
119.2036 	EXP 	Device response: <KeyPress from None: t=119.19324289995711, value=b, duration=None>
119.2041 	EXP 	New trial (rep=19, index=1): <Trial 77 (1 in rep 19) data={'word': 'RED', 'font_color': 'blue', 'con_label': 'incongruent', 'corr_resp': 'b', 'thisN': 77, 'thisTrialN': 1, 'thisRepN': 19}>
119.2097 	DATA 	Keypress: b
119.2206 	EXP 	text: autoDraw = False
119.2206 	EXP 	Fixation: autoDraw = False
119.2206 	EXP 	text: autoDraw = False
119.2206 	EXP 	text: foreColor = <psychopy.colors.Color: blue, alpha=1.0>
119.2206 	EXP 	text: height = 0.05
119.2206 	EXP 	text: height = 0.05
119.2206 	EXP 	text: height = 0.05
119.2206 	EXP 	text: text = 'RED'
119.2206 	EXP 	Fixation: autoDraw = True
119.3038 	EXP 	Device response: <KeyPress from None: t=119.19324289995711, value=b, duration=0.1019170000217855>
120.2038 	INFO 	Keyboard events cleared
120.2035 	EXP 	text: autoDraw = True
120.2206 	EXP 	Fixation: autoDraw = False
120.5025 	EXP 	text: autoDraw = False
120.6539 	EXP 	Device response: <KeyPress from None: t=120.64611019997392, value=r, duration=None>
120.6543 	EXP 	New trial (rep=19, index=2): <Trial 78 (2 in rep 19) data={'word': 'RED', 'font_color': 'red', 'con_label': 'congruent', 'corr_resp': 'r', 'thisN': 78, 'thisTrialN': 2, 'thisRepN': 19}>
120.6568 	DATA 	Keypress: r
120.6701 	EXP 	Fixation: autoDraw = False
120.6701 	EXP 	text: autoDraw = False
120.6701 	EXP 	text: foreColor = <psychopy.colors.Color: red, alpha=1.0>
120.6701 	EXP 	text: text = 'RED'
120.6701 	EXP 	Fixation: autoDraw = True
120.7871 	EXP 	Device response: <KeyPress from None: t=120.64611019997392, value=r, duration=0.13516659999731928>
121.6531 	INFO 	Keyboard events cleared
121.6529 	EXP 	text: autoDraw = True
121.6704 	EXP 	Fixation: autoDraw = False
121.9532 	EXP 	text: autoDraw = False
122.2363 	EXP 	Device response: <KeyPress from None: t=122.22836359997746, value=b, duration=None>
122.2368 	EXP 	New trial (rep=19, index=3): <Trial 79 (3 in rep 19) data={'word': 'BLUE', 'font_color': 'blue', 'con_label': 'congruent', 'corr_resp': 'b', 'thisN': 79, 'thisTrialN': 3, 'thisRepN': 19}>
122.2420 	DATA 	Keypress: b
122.2521 	EXP 	Fixation: autoDraw = False
122.2521 	EXP 	text: autoDraw = False
122.2521 	EXP 	text: foreColor = <psychopy.colors.Color: blue, alpha=1.0>
122.2521 	EXP 	text: height = 0.05
122.2521 	EXP 	text: height = 0.05
122.2521 	EXP 	text: height = 0.05
122.2521 	EXP 	text: text = 'BLUE'
122.2521 	EXP 	Fixation: autoDraw = True
122.3532 	EXP 	Device response: <KeyPress from None: t=122.22836359997746, value=b, duration=0.12410820001969114>
123.2359 	INFO 	Keyboard events cleared
123.2357 	EXP 	text: autoDraw = True
123.2517 	EXP 	Fixation: autoDraw = False
123.5362 	EXP 	text: autoDraw = False
123.5862 	EXP 	Device response: <KeyPress from None: t=123.57807339995634, value=r, duration=None>
123.5866 	EXP 	New trial (rep=20, index=0): <Trial 80 (0 in rep 20) data={'word': 'RED', 'font_color': 'blue', 'con_label': 'incongruent', 'corr_resp': 'b', 'thisN': 80, 'thisTrialN': 0, 'thisRepN': 20}>
123.5919 	DATA 	Keypress: r
123.6007 	EXP 	Fixation: autoDraw = False
123.6007 	EXP 	text: autoDraw = False
123.6007 	EXP 	text: foreColor = <psychopy.colors.Color: blue, alpha=1.0>
123.6007 	EXP 	text: height = 0.05
123.6007 	EXP 	text: height = 0.05
123.6007 	EXP 	text: height = 0.05
123.6007 	EXP 	text: text = 'RED'
123.6007 	EXP 	Fixation: autoDraw = True
123.7545 	EXP 	Device response: <KeyPress from None: t=123.57807339995634, value=r, duration=0.17385720001766458>
124.5859 	INFO 	Keyboard events cleared
124.5856 	EXP 	text: autoDraw = True
124.6017 	EXP 	Fixation: autoDraw = False
124.8852 	EXP 	text: autoDraw = False
125.1856 	EXP 	Device response: <KeyPress from None: t=125.18014019995462, value=r, duration=None>
125.1859 	EXP 	New trial (rep=20, index=1): <Trial 81 (1 in rep 20) data={'word': 'BLUE', 'font_color': 'blue', 'con_label': 'congruent', 'corr_resp': 'b', 'thisN': 81, 'thisTrialN': 1, 'thisRepN': 20}>
125.1916 	DATA 	Keypress: r
125.2004 	EXP 	Fixation: autoDraw = False
125.2004 	EXP 	text: autoDraw = False
125.2004 	EXP 	text: foreColor = <psychopy.colors.Color: blue, alpha=1.0>
125.2004 	EXP 	text: height = 0.05
125.2004 	EXP 	text: height = 0.05
125.2004 	EXP 	text: height = 0.05
125.2004 	EXP 	text: text = 'BLUE'
125.2004 	EXP 	Fixation: autoDraw = True
125.3358 	EXP 	Device response: <KeyPress from None: t=125.18014019995462, value=r, duration=0.13869870000053197>
126.1856 	INFO 	Keyboard events cleared
126.1854 	EXP 	text: autoDraw = True
126.2015 	EXP 	Fixation: autoDraw = False
126.4994 	EXP 	text: autoDraw = False
126.6856 	EXP 	Device response: <KeyPress from None: t=126.68194320000475, value=b, duration=None>
126.6861 	EXP 	New trial (rep=20, index=2): <Trial 82 (2 in rep 20) data={'word': 'RED', 'font_color': 'red', 'con_label': 'congruent', 'corr_resp': 'r', 'thisN': 82, 'thisTrialN': 2, 'thisRepN': 20}>
126.6917 	DATA 	Keypress: b
126.6995 	EXP 	Fixation: autoDraw = False
126.6995 	EXP 	text: autoDraw = False
126.6995 	EXP 	text: foreColor = <psychopy.colors.Color: red, alpha=1.0>
126.6995 	EXP 	text: height = 0.05
126.6995 	EXP 	text: height = 0.05
126.6995 	EXP 	text: height = 0.05
126.6995 	EXP 	text: text = 'RED'
126.6995 	EXP 	Fixation: autoDraw = True
126.7849 	EXP 	Device response: <KeyPress from None: t=126.68194320000475, value=b, duration=0.08917479997035116>
127.7012 	INFO 	Keyboard events cleared
127.7010 	EXP 	Fixation: autoDraw = False
127.7010 	EXP 	text: autoDraw = True
128.0008 	EXP 	text: autoDraw = False
128.5495 	EXP 	Device response: <KeyPress from None: t=128.54143789998489, value=r, duration=None>
128.5498 	EXP 	New trial (rep=20, index=3): <Trial 83 (3 in rep 20) data={'word': 'BLUE', 'font_color': 'red', 'con_label': 'incongruent', 'corr_resp': 'r', 'thisN': 83, 'thisTrialN': 3, 'thisRepN': 20}>
128.5555 	DATA 	Keypress: r
128.5675 	EXP 	Fixation: autoDraw = False
128.5675 	EXP 	text: autoDraw = False
128.5675 	EXP 	text: foreColor = <psychopy.colors.Color: red, alpha=1.0>
128.5675 	EXP 	text: height = 0.05
128.5675 	EXP 	text: height = 0.05
128.5675 	EXP 	text: height = 0.05
128.5675 	EXP 	text: text = 'BLUE'
128.5675 	EXP 	Fixation: autoDraw = True
128.7178 	EXP 	Device response: <KeyPress from None: t=128.54143789998489, value=r, duration=0.1704535000026226>
129.5505 	INFO 	Keyboard events cleared
129.5503 	EXP 	text: autoDraw = True
129.5672 	EXP 	Fixation: autoDraw = False
129.8504 	EXP 	text: autoDraw = False
130.0018 	EXP 	Device response: <KeyPress from None: t=130.00148029997945, value=b, duration=None>
130.0022 	EXP 	New trial (rep=21, index=0): <Trial 84 (0 in rep 21) data={'word': 'RED', 'font_color': 'red', 'con_label': 'congruent', 'corr_resp': 'r', 'thisN': 84, 'thisTrialN': 0, 'thisRepN': 21}>
130.0075 	DATA 	Keypress: b
130.0163 	EXP 	Fixation: autoDraw = False
130.0163 	EXP 	text: autoDraw = False
130.0163 	EXP 	text: foreColor = <psychopy.colors.Color: red, alpha=1.0>
130.0163 	EXP 	text: height = 0.05
130.0163 	EXP 	text: height = 0.05
130.0163 	EXP 	text: height = 0.05
130.0163 	EXP 	text: text = 'RED'
130.0163 	EXP 	Fixation: autoDraw = True
130.1172 	EXP 	Device response: <KeyPress from None: t=130.00148029997945, value=b, duration=0.10790599999018013>
131.0165 	INFO 	Keyboard events cleared
131.0164 	EXP 	Fixation: autoDraw = False
131.0164 	EXP 	text: autoDraw = True
131.3173 	EXP 	text: autoDraw = False
131.4669 	EXP 	Device response: <KeyPress from None: t=131.460935399984, value=r, duration=None>
131.4673 	EXP 	New trial (rep=21, index=1): <Trial 85 (1 in rep 21) data={'word': 'BLUE', 'font_color': 'red', 'con_label': 'incongruent', 'corr_resp': 'r', 'thisN': 85, 'thisTrialN': 1, 'thisRepN': 21}>
131.4725 	DATA 	Keypress: r
131.4822 	EXP 	Fixation: autoDraw = False
131.4822 	EXP 	text: autoDraw = False
131.4822 	EXP 	text: foreColor = <psychopy.colors.Color: red, alpha=1.0>
131.4822 	EXP 	text: height = 0.05
131.4822 	EXP 	text: height = 0.05
131.4822 	EXP 	text: height = 0.05
131.4822 	EXP 	text: text = 'BLUE'
131.4822 	EXP 	Fixation: autoDraw = True
131.6345 	EXP 	Device response: <KeyPress from None: t=131.460935399984, value=r, duration=0.1694353999919258>
132.4671 	INFO 	Keyboard events cleared
132.4669 	EXP 	text: autoDraw = True
132.4818 	EXP 	Fixation: autoDraw = False
132.7660 	EXP 	text: autoDraw = False
132.8518 	DATA 	Keypress: b
132.8660 	EXP 	Device response: <KeyPress from None: t=132.8511875999975, value=b, duration=None>
132.8664 	EXP 	New trial (rep=21, index=2): <Trial 86 (2 in rep 21) data={'word': 'BLUE', 'font_color': 'blue', 'con_label': 'congruent', 'corr_resp': 'b', 'thisN': 86, 'thisTrialN': 2, 'thisRepN': 21}>
132.8829 	EXP 	Fixation: autoDraw = False
132.8829 	EXP 	text: autoDraw = False
132.8829 	EXP 	text: foreColor = <psychopy.colors.Color: blue, alpha=1.0>
132.8829 	EXP 	text: text = 'BLUE'
132.8829 	EXP 	Fixation: autoDraw = True
132.9506 	EXP 	Device response: <KeyPress from None: t=132.8511875999975, value=b, duration=0.09630279999691993>
133.8670 	INFO 	Keyboard events cleared
133.8668 	EXP 	text: autoDraw = True
133.8824 	EXP 	Fixation: autoDraw = False
134.1821 	EXP 	text: autoDraw = False
134.6165 	EXP 	Device response: <KeyPress from None: t=134.61202989995945, value=b, duration=None>
134.6169 	EXP 	New trial (rep=21, index=3): <Trial 87 (3 in rep 21) data={'word': 'RED', 'font_color': 'blue', 'con_label': 'incongruent', 'corr_resp': 'b', 'thisN': 87, 'thisTrialN': 3, 'thisRepN': 21}>
134.6223 	DATA 	Keypress: b
134.6307 	EXP 	Fixation: autoDraw = False
134.6307 	EXP 	text: autoDraw = False
134.6307 	EXP 	text: foreColor = <psychopy.colors.Color: blue, alpha=1.0>
134.6307 	EXP 	text: height = 0.05
134.6307 	EXP 	text: height = 0.05
134.6307 	EXP 	text: height = 0.05
134.6307 	EXP 	text: text = 'RED'
134.6307 	EXP 	Fixation: autoDraw = True
134.7156 	EXP 	Device response: <KeyPress from None: t=134.61202989995945, value=b, duration=0.08826920000137761>
135.6320 	INFO 	Keyboard events cleared
135.6318 	EXP 	Fixation: autoDraw = False
135.6318 	EXP 	text: autoDraw = True
135.9310 	EXP 	text: autoDraw = False
136.2318 	EXP 	Device response: <KeyPress from None: t=136.2192741999752, value=r, duration=None>
136.2323 	EXP 	New trial (rep=22, index=0): <Trial 88 (0 in rep 22) data={'word': 'RED', 'font_color': 'red', 'con_label': 'congruent', 'corr_resp': 'r', 'thisN': 88, 'thisTrialN': 0, 'thisRepN': 22}>
136.2348 	DATA 	Keypress: r
136.2466 	EXP 	Fixation: autoDraw = False
136.2466 	EXP 	text: autoDraw = False
136.2466 	EXP 	text: foreColor = <psychopy.colors.Color: red, alpha=1.0>
136.2466 	EXP 	text: text = 'RED'
136.2466 	EXP 	Fixation: autoDraw = True
136.3319 	EXP 	Device response: <KeyPress from None: t=136.2192741999752, value=r, duration=0.1051504000206478>
137.2482 	INFO 	Keyboard events cleared
137.2480 	EXP 	Fixation: autoDraw = False
137.2480 	EXP 	text: autoDraw = True
137.5476 	EXP 	text: autoDraw = False
137.8151 	EXP 	Device response: <KeyPress from None: t=137.811302099959, value=r, duration=None>
137.8156 	EXP 	New trial (rep=22, index=1): <Trial 89 (1 in rep 22) data={'word': 'BLUE', 'font_color': 'blue', 'con_label': 'congruent', 'corr_resp': 'b', 'thisN': 89, 'thisTrialN': 1, 'thisRepN': 22}>
137.8209 	DATA 	Keypress: r
137.8297 	EXP 	Fixation: autoDraw = False
137.8297 	EXP 	text: autoDraw = False
137.8297 	EXP 	text: foreColor = <psychopy.colors.Color: blue, alpha=1.0>
137.8297 	EXP 	text: height = 0.05
137.8297 	EXP 	text: height = 0.05
137.8297 	EXP 	text: height = 0.05
137.8297 	EXP 	text: text = 'BLUE'
137.8297 	EXP 	Fixation: autoDraw = True
137.9654 	EXP 	Device response: <KeyPress from None: t=137.811302099959, value=r, duration=0.1470435000373982>
138.8134 	INFO 	Keyboard events cleared
138.8132 	EXP 	text: autoDraw = True
138.8308 	EXP 	Fixation: autoDraw = False
139.1137 	EXP 	text: autoDraw = False
139.9634 	EXP 	Device response: <KeyPress from None: t=139.95578479999676, value=r, duration=None>
139.9639 	EXP 	New trial (rep=22, index=2): <Trial 90 (2 in rep 22) data={'word': 'RED', 'font_color': 'blue', 'con_label': 'incongruent', 'corr_resp': 'b', 'thisN': 90, 'thisTrialN': 2, 'thisRepN': 22}>
139.9698 	DATA 	Keypress: r
139.9787 	EXP 	Fixation: autoDraw = False
139.9787 	EXP 	text: autoDraw = False
139.9787 	EXP 	text: foreColor = <psychopy.colors.Color: blue, alpha=1.0>
139.9787 	EXP 	text: height = 0.05
139.9787 	EXP 	text: height = 0.05
139.9787 	EXP 	text: height = 0.05
139.9787 	EXP 	text: text = 'RED'
139.9787 	EXP 	Fixation: autoDraw = True
140.0815 	EXP 	Device response: <KeyPress from None: t=139.95578479999676, value=r, duration=0.12291749997530133>
140.9632 	INFO 	Keyboard events cleared
140.9629 	EXP 	text: autoDraw = True
140.9798 	EXP 	Fixation: autoDraw = False
141.2630 	EXP 	text: autoDraw = False
141.9130 	EXP 	Device response: <KeyPress from None: t=141.90515079995384, value=r, duration=None>
141.9134 	EXP 	New trial (rep=22, index=3): <Trial 91 (3 in rep 22) data={'word': 'BLUE', 'font_color': 'red', 'con_label': 'incongruent', 'corr_resp': 'r', 'thisN': 91, 'thisTrialN': 3, 'thisRepN': 22}>
141.9190 	DATA 	Keypress: r
141.9283 	EXP 	Fixation: autoDraw = False
141.9283 	EXP 	text: autoDraw = False
141.9283 	EXP 	text: foreColor = <psychopy.colors.Color: red, alpha=1.0>
141.9283 	EXP 	text: height = 0.05
141.9283 	EXP 	text: height = 0.05
141.9283 	EXP 	text: height = 0.05
141.9283 	EXP 	text: text = 'BLUE'
141.9283 	EXP 	Fixation: autoDraw = True
142.0620 	EXP 	Device response: <KeyPress from None: t=141.90515079995384, value=r, duration=0.15107240003999323>
142.9110 	INFO 	Keyboard events cleared
142.9108 	EXP 	text: autoDraw = True
142.9299 	EXP 	Fixation: autoDraw = False
143.2113 	EXP 	text: autoDraw = False
143.2786 	EXP 	Device response: <KeyPress from None: t=143.27177379996283, value=b, duration=None>
143.2789 	EXP 	New trial (rep=23, index=0): <Trial 92 (0 in rep 23) data={'word': 'RED', 'font_color': 'blue', 'con_label': 'incongruent', 'corr_resp': 'b', 'thisN': 92, 'thisTrialN': 0, 'thisRepN': 23}>
143.2861 	DATA 	Keypress: b
143.2944 	EXP 	Fixation: autoDraw = False
143.2944 	EXP 	text: autoDraw = False
143.2944 	EXP 	text: foreColor = <psychopy.colors.Color: blue, alpha=1.0>
143.2944 	EXP 	text: height = 0.05
143.2944 	EXP 	text: height = 0.05
143.2944 	EXP 	text: height = 0.05
143.2944 	EXP 	text: text = 'RED'
143.2944 	EXP 	Fixation: autoDraw = True
143.3957 	EXP 	Device response: <KeyPress from None: t=143.27177379996283, value=b, duration=0.12323800002923235>
144.2787 	INFO 	Keyboard events cleared
144.2785 	EXP 	text: autoDraw = True
144.2953 	EXP 	Fixation: autoDraw = False
144.5796 	EXP 	text: autoDraw = False
144.7282 	EXP 	Device response: <KeyPress from None: t=144.71811139996862, value=r, duration=None>
144.7286 	EXP 	New trial (rep=23, index=1): <Trial 93 (1 in rep 23) data={'word': 'RED', 'font_color': 'red', 'con_label': 'congruent', 'corr_resp': 'r', 'thisN': 93, 'thisTrialN': 1, 'thisRepN': 23}>
144.7306 	DATA 	Keypress: r
144.7456 	EXP 	Fixation: autoDraw = False
144.7456 	EXP 	text: autoDraw = False
144.7456 	EXP 	text: foreColor = <psychopy.colors.Color: red, alpha=1.0>
144.7456 	EXP 	text: text = 'RED'
144.7456 	EXP 	Fixation: autoDraw = True
144.8632 	EXP 	Device response: <KeyPress from None: t=144.71811139996862, value=r, duration=0.1402228000224568>
145.7280 	INFO 	Keyboard events cleared
145.7278 	EXP 	text: autoDraw = True
145.7615 	EXP 	Fixation: autoDraw = False
146.0276 	EXP 	text: autoDraw = False
146.2776 	EXP 	Device response: <KeyPress from None: t=146.27141240000492, value=b, duration=None>
146.2780 	EXP 	New trial (rep=23, index=2): <Trial 94 (2 in rep 23) data={'word': 'BLUE', 'font_color': 'blue', 'con_label': 'congruent', 'corr_resp': 'b', 'thisN': 94, 'thisTrialN': 2, 'thisRepN': 23}>
146.2833 	DATA 	Keypress: b
146.2939 	EXP 	Fixation: autoDraw = False
146.2939 	EXP 	text: autoDraw = False
146.2939 	EXP 	text: foreColor = <psychopy.colors.Color: blue, alpha=1.0>
146.2939 	EXP 	text: height = 0.05
146.2939 	EXP 	text: height = 0.05
146.2939 	EXP 	text: height = 0.05
146.2939 	EXP 	text: text = 'BLUE'
146.2939 	EXP 	Fixation: autoDraw = True
146.4107 	EXP 	Device response: <KeyPress from None: t=146.27141240000492, value=b, duration=0.1322890999726951>
147.2787 	INFO 	Keyboard events cleared
147.2784 	EXP 	text: autoDraw = True
147.2951 	EXP 	Fixation: autoDraw = False
147.5775 	EXP 	text: autoDraw = False
147.5781 	EXP 	Device response: <KeyPress from None: t=147.5721041999641, value=b, duration=None>
147.5786 	EXP 	New trial (rep=23, index=3): <Trial 95 (3 in rep 23) data={'word': 'BLUE', 'font_color': 'red', 'con_label': 'incongruent', 'corr_resp': 'r', 'thisN': 95, 'thisTrialN': 3, 'thisRepN': 23}>
147.5809 	DATA 	Keypress: b
147.5956 	EXP 	Fixation: autoDraw = False
147.5956 	EXP 	text: autoDraw = False
147.5956 	EXP 	text: foreColor = <psychopy.colors.Color: red, alpha=1.0>
147.5956 	EXP 	text: text = 'BLUE'
147.5956 	EXP 	Fixation: autoDraw = True
147.7289 	EXP 	Device response: <KeyPress from None: t=147.5721041999641, value=b, duration=0.13942190003581345>
148.5778 	INFO 	Keyboard events cleared
148.5776 	EXP 	text: autoDraw = True
148.6111 	EXP 	Fixation: autoDraw = False
148.8768 	EXP 	text: autoDraw = False
149.0621 	DATA 	Keypress: r
149.0778 	EXP 	Device response: <KeyPress from None: t=149.06164249998983, value=r, duration=None>
149.0782 	EXP 	New trial (rep=24, index=0): <Trial 96 (0 in rep 24) data={'word': 'RED', 'font_color': 'blue', 'con_label': 'incongruent', 'corr_resp': 'b', 'thisN': 96, 'thisTrialN': 0, 'thisRepN': 24}>
149.0932 	EXP 	Fixation: autoDraw = False
149.0932 	EXP 	text: autoDraw = False
149.0932 	EXP 	text: foreColor = <psychopy.colors.Color: blue, alpha=1.0>
149.0932 	EXP 	text: height = 0.05
149.0932 	EXP 	text: height = 0.05
149.0932 	EXP 	text: height = 0.05
149.0932 	EXP 	text: text = 'RED'
149.0932 	EXP 	Fixation: autoDraw = True
149.2606 	EXP 	Device response: <KeyPress from None: t=149.06164249998983, value=r, duration=0.1896785999997519>
150.0940 	INFO 	Keyboard events cleared
150.0937 	EXP 	Fixation: autoDraw = False
150.0937 	EXP 	text: autoDraw = True
150.4101 	EXP 	text: autoDraw = False
150.5263 	EXP 	Device response: <KeyPress from None: t=150.51780959998723, value=r, duration=None>
150.5266 	EXP 	New trial (rep=24, index=1): <Trial 97 (1 in rep 24) data={'word': 'BLUE', 'font_color': 'blue', 'con_label': 'congruent', 'corr_resp': 'b', 'thisN': 97, 'thisTrialN': 1, 'thisRepN': 24}>
150.5311 	DATA 	Keypress: r
150.5422 	EXP 	Fixation: autoDraw = False
150.5422 	EXP 	text: autoDraw = False
150.5422 	EXP 	text: foreColor = <psychopy.colors.Color: blue, alpha=1.0>
150.5422 	EXP 	text: height = 0.05
150.5422 	EXP 	text: height = 0.05
150.5422 	EXP 	text: height = 0.05
150.5422 	EXP 	text: text = 'BLUE'
150.5422 	EXP 	Fixation: autoDraw = True
150.6272 	EXP 	Device response: <KeyPress from None: t=150.51780959998723, value=r, duration=0.10886639996897429>
151.5248 	INFO 	Keyboard events cleared
151.5246 	EXP 	text: autoDraw = True
151.5430 	EXP 	Fixation: autoDraw = False
151.8264 	EXP 	text: autoDraw = False
151.8430 	EXP 	Device response: <KeyPress from None: t=151.83717439998873, value=b, duration=None>
151.8434 	EXP 	New trial (rep=24, index=2): <Trial 98 (2 in rep 24) data={'word': 'RED', 'font_color': 'red', 'con_label': 'congruent', 'corr_resp': 'r', 'thisN': 98, 'thisTrialN': 2, 'thisRepN': 24}>
151.8490 	DATA 	Keypress: b
151.8583 	EXP 	Fixation: autoDraw = False
151.8583 	EXP 	text: autoDraw = False
151.8583 	EXP 	text: foreColor = <psychopy.colors.Color: red, alpha=1.0>
151.8583 	EXP 	text: height = 0.05
151.8583 	EXP 	text: height = 0.05
151.8583 	EXP 	text: height = 0.05
151.8583 	EXP 	text: text = 'RED'
151.8583 	EXP 	Fixation: autoDraw = True
151.9601 	EXP 	Device response: <KeyPress from None: t=151.83717439998873, value=b, duration=0.1192713999771513>
152.8426 	INFO 	Keyboard events cleared
152.8424 	EXP 	text: autoDraw = True
152.8592 	EXP 	Fixation: autoDraw = False
153.1423 	EXP 	text: autoDraw = False
153.2598 	EXP 	Device response: <KeyPress from None: t=153.25409909995506, value=r, duration=None>
153.2602 	EXP 	New trial (rep=24, index=3): <Trial 99 (3 in rep 24) data={'word': 'BLUE', 'font_color': 'red', 'con_label': 'incongruent', 'corr_resp': 'r', 'thisN': 99, 'thisTrialN': 3, 'thisRepN': 24}>
153.2654 	DATA 	Keypress: r
153.2747 	EXP 	Fixation: autoDraw = False
153.2747 	EXP 	text: autoDraw = False
153.2747 	EXP 	text: foreColor = <psychopy.colors.Color: red, alpha=1.0>
153.2747 	EXP 	text: height = 0.05
153.2747 	EXP 	text: height = 0.05
153.2747 	EXP 	text: height = 0.05
153.2747 	EXP 	text: text = 'BLUE'
153.2747 	EXP 	Fixation: autoDraw = True
153.3908 	EXP 	Device response: <KeyPress from None: t=153.25409909995506, value=r, duration=0.1290397000266239>
154.2763 	INFO 	Keyboard events cleared
154.2760 	EXP 	Fixation: autoDraw = False
154.2760 	EXP 	text: autoDraw = True
154.5923 	EXP 	text: autoDraw = False
154.7593 	EXP 	Device response: <KeyPress from None: t=154.74637969996547, value=b, duration=None>
154.7624 	DATA 	Keypress: b
154.7775 	EXP 	Fixation: autoDraw = False
154.7775 	EXP 	text: autoDraw = False
154.7775 	EXP 	text_3: autoDraw = True
154.9081 	EXP 	Device response: <KeyPress from None: t=154.74637969996547, value=b, duration=0.15608730004169047>
155.7918 	EXP 	text_3: autoDraw = False
155.7921 	EXP 	Stroop Task: status = STOPPED
155.8448 	INFO 	saved data to 'C:\\Users\\SHRUTI\\Desktop\\psychopy\\data\\1_Stroop Task_2025-08-24_12h19.11.226.csv'
155.8479 	INFO 	saved data to C:\Users\SHRUTI\Desktop\psychopy\data\1_Stroop Task_2025-08-24_12h19.11.226.psydat
156.1966 	WARNING 	Stopping key buffers but this could be dangerous ifother keyboards rely on the same.
156.2138 	WARNING 	Stopping key buffers but this could be dangerous ifother keyboards rely on the same.
