25.1414 	INFO 	Loaded monitor calibration from ['2025_08_12 10:33']
26.5084 	INFO 	Using renderer 'Intel(R) Iris(R) Xe Graphics' for graphics
26.5084 	INFO 	OpenGL version supported by driver is 4..
26.7070 	EXP 	Created window1 = Window(allowGUI=True, allowStencil=False, autoLog=True, backendConf=UNKNOWN, backgroundFit=<method-wrapper '__getattribute__' of attributeSetter object at 0x0000021E05E01280>, backgroundImage=<method-wrapper '__getattribute__' of attributeSetter object at 0x0000021E05E011F0>, bitsMode=UNKNOWN, blendMode='avg', bpc=(8, 8, 8), color=array([0, 0, 0]), colorSpace='rgb', depthBits=8, fullscr=False, gamma=None, gammaErrorPolicy='raise', infoMsg=UNKNOWN, lms=UNKNOWN, monitor=<psychopy.monitors.calibTools.Monitor object at 0x0000021E05DD57F0>, multiSample=False, name='window1', numSamples=2, pos=[460.0, 240.0], screen=0, size=array([1000,  600]), stencilBits=0, stereo=False, title='PsychoPy', units='height', useFBO=True, useRetina=False, viewOri=0.0, viewPos=None, viewScale=None, waitBlanking=True, winType='pyglet')
26.7073 	EXP 	window1: backgroundImage = ''
26.7073 	EXP 	window1: backgroundFit = 'none'
27.5126 	EXP 	window1: Attempting to measure frame rate of screen (0) ...
27.5126 	EXP 	window1: recordFrameIntervals = False
27.7577 	EXP 	window1: recordFrameIntervals = True
27.9413 	EXP 	Screen (0) actual frame rate measured at 60.23Hz
27.9414 	EXP 	window1: recordFrameIntervals = False
28.0912 	INFO 	keyboard.Keyboard is using ptb backend.
28.0914 	INFO 	keyboard.Keyboard is using ptb backend.
28.0914 	EXP 	ADAPTIVE STAIRCASE: status = STARTED
28.6114 	EXP 	Created text = TextStim(__class__=<class 'psychopy.visual.text.TextStim'>, alignHoriz=method-wrapper(...), alignText='center', alignVert=method-wrapper(...), anchorHoriz='center', anchorVert='center', antialias=True, autoDraw=False, autoLog=True, bold=False, color=array([1., 1., 1.]), colorSpace='rgb', contrast=1.0, depth=0.0, draggable=False, flipHoriz=False, flipVert=False, font='Arial', fontFiles=[], height=0.05, italic=False, languageStyle='LTR', name='text', opacity=1, ori=0.0, pos=array([0., 0.]), rgb=UNKNOWN, text=str(...), units='height', win=Window(...), wrapWidth=1)
28.6412 	EXP 	Created fixation = ShapeStim(__class__=<class 'psychopy.visual.shape.ShapeStim'>, anchor=('center', 'center'), autoDraw=False, autoLog=True, closeShape=True, color=method-wrapper(...), colorSpace='rgb', contrast=None, depth=-1.0, draggable=False, fillColor=array([1, 1, 1]), fillColorSpace='rgb', fillRGB=array([1, 1, 1]), interpolate=True, lineColor=array([1., 1., 1.]), lineColorSpace='rgb', lineRGB=array([1, 1, 1]), lineWidth=1.0, name='fixation', opacity=1, ori=0.0, pos=array([0., 0.]), size=array([0.1, 0.1]), units='height', vertices=ndarray(...), win=Window(...), windingRule=None)
28.6623 	EXP 	Created grating = GratingStim(__class__=<class 'psychopy.visual.grating.GratingStim'>, anchor='center', autoDraw=False, autoLog=True, blendmode='avg', color=array([0.5, 0.5, 0.5]), colorSpace='rgb', contrast=0.5, depth=-2.0, draggable=False, interpolate=True, mask='gauss', maskParams=None, name='grating', opacity=1, ori=1.0, phase=array([0., 0.]), pos=array([0., 0.]), rgbPedestal=array([0., 0., 0.]), sf=array([8., 8.]), size=array([0.3, 0.3]), tex='sin', texRes=128.0, units='height', win=Window(...))
28.6719 	EXP 	Created text_2 = TextStim(__class__=<class 'psychopy.visual.text.TextStim'>, alignHoriz=method-wrapper(...), alignText='center', alignVert=method-wrapper(...), anchorHoriz='center', anchorVert='center', antialias=True, autoDraw=False, autoLog=True, bold=False, color=array([1., 1., 1.]), colorSpace='rgb', contrast=1.0, depth=0.0, draggable=False, flipHoriz=False, flipVert=False, font='Arial', fontFiles=[], height=0.05, italic=False, languageStyle='LTR', name='text_2', opacity=1, ori=0.0, pos=array([0., 0.]), rgb=UNKNOWN, text=str(...), units='height', win=Window(...), wrapWidth=1)
0.0355 	EXP 	text: autoDraw = True
5.0027 	WARNING 	Increasing number of minimum required reversals to the number of step sizes, (4).
5.0335 	EXP 	text: autoDraw = False
5.0335 	EXP 	grating: ori = 10.0
5.0335 	EXP 	fixation: autoDraw = True
5.5351 	INFO 	Keyboard events cleared
5.5349 	EXP 	grating: autoDraw = True
5.5349 	EXP 	grating: tex = 'sin'
5.5502 	EXP 	fixation: autoDraw = False
5.8351 	EXP 	grating: autoDraw = False
6.5550 	DATA 	Keypress: right
6.7114 	EXP 	Device response: <KeyPress from None: t=6.553441800177097, value=right, duration=None>
6.7116 	EXP 	Device response: <KeyPress from None: t=6.553441800177097, value=right, duration=0.12481599999591708>
6.7329 	EXP 	fixation: autoDraw = False
6.7329 	EXP 	grating: autoDraw = False
6.7329 	EXP 	grating: ori = 8.0
6.7329 	EXP 	fixation: autoDraw = True
7.2194 	INFO 	Keyboard events cleared
7.2192 	EXP 	grating: autoDraw = True
7.2343 	EXP 	fixation: autoDraw = False
7.5340 	EXP 	grating: autoDraw = False
8.3860 	DATA 	Keypress: right
8.4014 	EXP 	Device response: <KeyPress from None: t=8.384820900158957, value=right, duration=None>
8.4177 	EXP 	fixation: autoDraw = False
8.4177 	EXP 	grating: autoDraw = False
8.4177 	EXP 	grating: ori = -6.0
8.4177 	EXP 	fixation: autoDraw = True
8.5173 	EXP 	Device response: <KeyPress from None: t=8.384820900158957, value=right, duration=0.12493749987334013>
8.8998 	INFO 	Keyboard events cleared
8.8996 	EXP 	grating: autoDraw = True
8.9338 	EXP 	fixation: autoDraw = False
9.2009 	EXP 	grating: autoDraw = False
9.8663 	EXP 	Device response: <KeyPress from None: t=9.853857700014487, value=left, duration=None>
9.8690 	DATA 	Keypress: left
9.8840 	EXP 	fixation: autoDraw = False
9.8840 	EXP 	grating: autoDraw = False
9.8840 	EXP 	grating: ori = 4.0
9.8840 	EXP 	fixation: autoDraw = True
9.9996 	EXP 	Device response: <KeyPress from None: t=9.853857700014487, value=left, duration=0.14030169998295605>
10.3669 	INFO 	Keyboard events cleared
10.3667 	EXP 	grating: autoDraw = True
10.3844 	EXP 	fixation: autoDraw = False
10.6667 	EXP 	grating: autoDraw = False
11.3340 	EXP 	Device response: <KeyPress from None: t=11.320665700128302, value=left, duration=None>
11.3362 	DATA 	Keypress: left
11.3504 	EXP 	fixation: autoDraw = False
11.3504 	EXP 	grating: autoDraw = False
11.3504 	EXP 	grating: ori = -5.0
11.3504 	EXP 	fixation: autoDraw = True
11.4340 	EXP 	Device response: <KeyPress from None: t=11.320665700128302, value=left, duration=0.10203969990834594>
11.8344 	INFO 	Keyboard events cleared
11.8342 	EXP 	grating: autoDraw = True
11.8500 	EXP 	fixation: autoDraw = False
12.1497 	EXP 	grating: autoDraw = False
12.7320 	EXP 	Device response: <KeyPress from None: t=12.722496500005946, value=right, duration=None>
12.7335 	DATA 	Keypress: right
12.7494 	EXP 	fixation: autoDraw = False
12.7494 	EXP 	grating: autoDraw = False
12.7494 	EXP 	grating: ori = 6.0
12.7494 	EXP 	fixation: autoDraw = True
12.8501 	EXP 	Device response: <KeyPress from None: t=12.722496500005946, value=right, duration=0.11474300012923777>
13.2327 	INFO 	Keyboard events cleared
13.2325 	EXP 	grating: autoDraw = True
13.2498 	EXP 	fixation: autoDraw = False
13.5325 	EXP 	grating: autoDraw = False
13.9842 	EXP 	Device response: <KeyPress from None: t=13.969707900192589, value=right, duration=None>
13.9858 	DATA 	Keypress: right
13.9987 	EXP 	fixation: autoDraw = False
13.9987 	EXP 	grating: autoDraw = False
13.9987 	EXP 	grating: ori = 6.0
13.9987 	EXP 	fixation: autoDraw = True
14.0976 	EXP 	Device response: <KeyPress from None: t=13.969707900192589, value=right, duration=0.11422389978542924>
14.4980 	INFO 	Keyboard events cleared
14.4978 	EXP 	grating: autoDraw = True
14.5155 	EXP 	fixation: autoDraw = False
14.7986 	EXP 	grating: autoDraw = False
15.7479 	EXP 	Device response: <KeyPress from None: t=15.742052500136197, value=right, duration=None>
15.7500 	DATA 	Keypress: right
15.7644 	EXP 	fixation: autoDraw = False
15.7644 	EXP 	grating: autoDraw = False
15.7644 	EXP 	grating: ori = -6.0
15.7644 	EXP 	fixation: autoDraw = True
15.8817 	EXP 	Device response: <KeyPress from None: t=15.742052500136197, value=right, duration=0.12677580001764>
16.2474 	INFO 	Keyboard events cleared
16.2472 	EXP 	grating: autoDraw = True
16.2648 	EXP 	fixation: autoDraw = False
16.5488 	EXP 	grating: autoDraw = False
17.2318 	EXP 	Device response: <KeyPress from None: t=17.22735930001363, value=left, duration=None>
17.2339 	DATA 	Keypress: left
17.2463 	EXP 	fixation: autoDraw = False
17.2463 	EXP 	grating: autoDraw = False
17.2463 	EXP 	grating: ori = 5.0
17.2463 	EXP 	fixation: autoDraw = True
17.3984 	EXP 	Device response: <KeyPress from None: t=17.22735930001363, value=left, duration=0.15717989997938275>
17.7482 	INFO 	Keyboard events cleared
17.7480 	EXP 	fixation: autoDraw = False
17.7480 	EXP 	grating: autoDraw = True
18.0477 	EXP 	grating: autoDraw = False
18.5982 	EXP 	Device response: <KeyPress from None: t=18.583346800180152, value=right, duration=None>
18.6009 	DATA 	Keypress: right
18.6139 	EXP 	fixation: autoDraw = False
18.6139 	EXP 	grating: autoDraw = False
18.6139 	EXP 	grating: ori = 5.0
18.6139 	EXP 	fixation: autoDraw = True
18.7296 	EXP 	Device response: <KeyPress from None: t=18.583346800180152, value=right, duration=0.13965349993668497>
19.1143 	INFO 	Keyboard events cleared
19.1141 	EXP 	fixation: autoDraw = False
19.1141 	EXP 	grating: autoDraw = True
19.4138 	EXP 	grating: autoDraw = False
19.7294 	EXP 	Device response: <KeyPress from None: t=19.725367299979553, value=right, duration=None>
19.7311 	DATA 	Keypress: right
19.7465 	EXP 	fixation: autoDraw = False
19.7465 	EXP 	grating: autoDraw = False
19.7465 	EXP 	grating: ori = 5.0
19.7465 	EXP 	fixation: autoDraw = True
19.8627 	EXP 	Device response: <KeyPress from None: t=19.725367299979553, value=right, duration=0.13189600012265146>
20.2303 	INFO 	Keyboard events cleared
20.2301 	EXP 	grating: autoDraw = True
20.2464 	EXP 	fixation: autoDraw = False
20.5305 	EXP 	grating: autoDraw = False
21.0473 	EXP 	Device response: <KeyPress from None: t=21.03301340015605, value=right, duration=None>
21.0494 	DATA 	Keypress: right
21.0641 	EXP 	fixation: autoDraw = False
21.0641 	EXP 	grating: autoDraw = False
21.0641 	EXP 	grating: ori = -4.0
21.0641 	EXP 	fixation: autoDraw = True
21.1301 	EXP 	Device response: <KeyPress from None: t=21.03301340015605, value=right, duration=0.09605799987912178>
21.5466 	INFO 	Keyboard events cleared
21.5464 	EXP 	grating: autoDraw = True
21.5799 	EXP 	fixation: autoDraw = False
21.8468 	EXP 	grating: autoDraw = False
22.3138 	EXP 	Device response: <KeyPress from None: t=22.31290650018491, value=left, duration=None>
22.3154 	DATA 	Keypress: left
22.3292 	EXP 	fixation: autoDraw = False
22.3292 	EXP 	grating: autoDraw = False
22.3292 	EXP 	grating: ori = 4.0
22.3292 	EXP 	fixation: autoDraw = True
22.4802 	EXP 	Device response: <KeyPress from None: t=22.31290650018491, value=left, duration=0.1628318999428302>
22.8294 	INFO 	Keyboard events cleared
22.8292 	EXP 	fixation: autoDraw = False
22.8292 	EXP 	grating: autoDraw = True
23.1289 	EXP 	grating: autoDraw = False
23.5632 	EXP 	Device response: <KeyPress from None: t=23.55351490015164, value=right, duration=None>
23.5650 	DATA 	Keypress: right
23.5778 	EXP 	fixation: autoDraw = False
23.5778 	EXP 	grating: autoDraw = False
23.5778 	EXP 	grating: ori = 4.0
23.5778 	EXP 	fixation: autoDraw = True
23.6954 	EXP 	Device response: <KeyPress from None: t=23.55351490015164, value=right, duration=0.13518929993733764>
24.0791 	INFO 	Keyboard events cleared
24.0789 	EXP 	fixation: autoDraw = False
24.0789 	EXP 	grating: autoDraw = True
24.3790 	EXP 	grating: autoDraw = False
24.7114 	EXP 	Device response: <KeyPress from None: t=24.706694500055164, value=right, duration=None>
24.7131 	DATA 	Keypress: right
24.7291 	EXP 	fixation: autoDraw = False
24.7291 	EXP 	grating: autoDraw = False
24.7291 	EXP 	grating: ori = 3.0
24.7291 	EXP 	fixation: autoDraw = True
24.8623 	EXP 	Device response: <KeyPress from None: t=24.706694500055164, value=right, duration=0.14768730010837317>
25.2126 	INFO 	Keyboard events cleared
25.2125 	EXP 	grating: autoDraw = True
25.2288 	EXP 	fixation: autoDraw = False
25.5117 	EXP 	grating: autoDraw = False
25.9461 	EXP 	Device response: <KeyPress from None: t=25.944822400109842, value=right, duration=None>
25.9482 	DATA 	Keypress: right
25.9622 	EXP 	fixation: autoDraw = False
25.9622 	EXP 	grating: autoDraw = False
25.9622 	EXP 	grating: ori = 3.0
25.9622 	EXP 	fixation: autoDraw = True
26.0948 	EXP 	Device response: <KeyPress from None: t=25.944822400109842, value=right, duration=0.14304449991323054>
26.4620 	INFO 	Keyboard events cleared
26.4618 	EXP 	fixation: autoDraw = False
26.4618 	EXP 	grating: autoDraw = True
26.7768 	EXP 	grating: autoDraw = False
27.0439 	EXP 	Device response: <KeyPress from None: t=27.03482190007344, value=right, duration=None>
27.0455 	DATA 	Keypress: right
27.0603 	EXP 	fixation: autoDraw = False
27.0603 	EXP 	grating: autoDraw = False
27.0603 	EXP 	grating: ori = 3.0
27.0603 	EXP 	fixation: autoDraw = True
27.1599 	EXP 	Device response: <KeyPress from None: t=27.03482190007344, value=right, duration=0.11789020011201501>
27.5448 	INFO 	Keyboard events cleared
27.5445 	EXP 	grating: autoDraw = True
27.5615 	EXP 	fixation: autoDraw = False
27.8590 	EXP 	grating: autoDraw = False
28.6931 	EXP 	Device response: <KeyPress from None: t=28.681403200142086, value=right, duration=None>
28.6964 	DATA 	Keypress: right
28.7111 	EXP 	fixation: autoDraw = False
28.7111 	EXP 	grating: autoDraw = False
28.7111 	EXP 	grating: ori = 2.0
28.7111 	EXP 	fixation: autoDraw = True
28.8123 	EXP 	Device response: <KeyPress from None: t=28.681403200142086, value=right, duration=0.1265451000072062>
29.1926 	INFO 	Keyboard events cleared
29.1925 	EXP 	grating: autoDraw = True
29.2331 	EXP 	fixation: autoDraw = False
29.4924 	EXP 	grating: autoDraw = False
30.0091 	EXP 	Device response: <KeyPress from None: t=30.00617860001512, value=left, duration=None>
30.0098 	DATA 	Keypress: left
30.0252 	EXP 	fixation: autoDraw = False
30.0252 	EXP 	grating: autoDraw = False
30.0252 	EXP 	grating: ori = 2.5
30.0252 	EXP 	fixation: autoDraw = True
30.1429 	EXP 	Device response: <KeyPress from None: t=30.00617860001512, value=left, duration=0.1334918001666665>
30.5085 	INFO 	Keyboard events cleared
30.5081 	EXP 	grating: autoDraw = True
30.5248 	EXP 	fixation: autoDraw = False
30.8087 	EXP 	grating: autoDraw = False
31.2250 	EXP 	Device response: <KeyPress from None: t=31.2196248001419, value=right, duration=None>
31.2264 	DATA 	Keypress: right
31.2416 	EXP 	fixation: autoDraw = False
31.2416 	EXP 	grating: autoDraw = False
31.2416 	EXP 	grating: ori = 2.5
31.2416 	EXP 	fixation: autoDraw = True
31.3750 	EXP 	Device response: <KeyPress from None: t=31.2196248001419, value=right, duration=0.15341320005245507>
31.7257 	INFO 	Keyboard events cleared
31.7256 	EXP 	grating: autoDraw = True
31.7422 	EXP 	fixation: autoDraw = False
32.0262 	EXP 	grating: autoDraw = False
32.9455 	EXP 	Device response: <KeyPress from None: t=32.935928400140256, value=right, duration=None>
32.9470 	DATA 	Keypress: right
32.9571 	EXP 	fixation: autoDraw = False
32.9571 	EXP 	grating: autoDraw = False
32.9571 	EXP 	grating: ori = 2.5
32.9571 	EXP 	fixation: autoDraw = True
33.0758 	EXP 	Device response: <KeyPress from None: t=32.935928400140256, value=right, duration=0.127127300016582>
33.4581 	INFO 	Keyboard events cleared
33.4579 	EXP 	fixation: autoDraw = False
33.4579 	EXP 	grating: autoDraw = True
33.7571 	EXP 	grating: autoDraw = False
34.5249 	EXP 	Device response: <KeyPress from None: t=34.51759020006284, value=left, duration=None>
34.5260 	DATA 	Keypress: left
34.5404 	EXP 	fixation: autoDraw = False
34.5404 	EXP 	grating: autoDraw = False
34.5404 	EXP 	grating: ori = 3.0
34.5404 	EXP 	fixation: autoDraw = True
34.6907 	EXP 	Device response: <KeyPress from None: t=34.51759020006284, value=left, duration=0.16168430005200207>
35.0252 	INFO 	Keyboard events cleared
35.0250 	EXP 	grating: autoDraw = True
35.0420 	EXP 	fixation: autoDraw = False
35.3241 	EXP 	grating: autoDraw = False
36.3240 	EXP 	Device response: <KeyPress from None: t=36.31641450012103, value=right, duration=None>
36.3255 	DATA 	Keypress: right
36.3397 	EXP 	fixation: autoDraw = False
36.3397 	EXP 	grating: autoDraw = False
36.3397 	EXP 	grating: ori = 3.0
36.3397 	EXP 	fixation: autoDraw = True
36.4570 	EXP 	Device response: <KeyPress from None: t=36.31641450012103, value=right, duration=0.13647899986244738>
36.8233 	INFO 	Keyboard events cleared
36.8231 	EXP 	grating: autoDraw = True
36.8397 	EXP 	fixation: autoDraw = False
37.1228 	EXP 	grating: autoDraw = False
37.8731 	EXP 	Device response: <KeyPress from None: t=37.86981090018526, value=right, duration=None>
37.8750 	DATA 	Keypress: right
37.8892 	EXP 	fixation: autoDraw = False
37.8892 	EXP 	grating: autoDraw = False
37.8892 	EXP 	grating: ori = -3.0
37.8892 	EXP 	fixation: autoDraw = True
37.9897 	EXP 	Device response: <KeyPress from None: t=37.86981090018526, value=right, duration=0.1035044000018388>
38.3729 	INFO 	Keyboard events cleared
38.3727 	EXP 	grating: autoDraw = True
38.3890 	EXP 	fixation: autoDraw = False
38.6722 	EXP 	grating: autoDraw = False
39.2400 	EXP 	Device response: <KeyPress from None: t=39.22439710004255, value=left, duration=None>
39.2420 	DATA 	Keypress: left
39.2552 	EXP 	fixation: autoDraw = False
39.2552 	EXP 	grating: autoDraw = False
39.2552 	EXP 	grating: ori = 2.5
39.2552 	EXP 	fixation: autoDraw = True
39.3571 	EXP 	Device response: <KeyPress from None: t=39.22439710004255, value=left, duration=0.1305067001376301>
39.7550 	INFO 	Keyboard events cleared
39.7549 	EXP 	fixation: autoDraw = False
39.7549 	EXP 	grating: autoDraw = True
40.0555 	EXP 	grating: autoDraw = False
40.4899 	EXP 	Device response: <KeyPress from None: t=40.48741649999283, value=right, duration=None>
40.4909 	DATA 	Keypress: right
40.5049 	EXP 	fixation: autoDraw = False
40.5049 	EXP 	grating: autoDraw = False
40.5049 	EXP 	grating: ori = 2.5
40.5049 	EXP 	fixation: autoDraw = True
40.6430 	EXP 	Device response: <KeyPress from None: t=40.48741649999283, value=right, duration=0.14501960016787052>
40.9883 	INFO 	Keyboard events cleared
40.9881 	EXP 	grating: autoDraw = True
41.0061 	EXP 	fixation: autoDraw = False
41.2886 	EXP 	grating: autoDraw = False
41.9723 	EXP 	Device response: <KeyPress from None: t=41.963032900122926, value=right, duration=None>
41.9741 	DATA 	Keypress: right
41.9878 	EXP 	fixation: autoDraw = False
41.9878 	EXP 	grating: autoDraw = False
41.9878 	EXP 	grating: ori = 2.5
41.9878 	EXP 	fixation: autoDraw = True
42.0889 	EXP 	Device response: <KeyPress from None: t=41.963032900122926, value=right, duration=0.11761619988828897>
42.4714 	INFO 	Keyboard events cleared
42.4712 	EXP 	grating: autoDraw = True
42.4876 	EXP 	fixation: autoDraw = False
42.7717 	EXP 	grating: autoDraw = False
43.2879 	EXP 	Device response: <KeyPress from None: t=43.28564919997007, value=right, duration=None>
43.2893 	DATA 	Keypress: right
43.3048 	EXP 	fixation: autoDraw = False
43.3048 	EXP 	grating: autoDraw = False
43.3048 	EXP 	grating: ori = -2.0
43.3048 	EXP 	fixation: autoDraw = True
43.4210 	EXP 	Device response: <KeyPress from None: t=43.28564919997007, value=right, duration=0.1292344001121819>
43.7876 	INFO 	Keyboard events cleared
43.7874 	EXP 	grating: autoDraw = True
43.8047 	EXP 	fixation: autoDraw = False
44.0873 	EXP 	grating: autoDraw = False
44.5544 	DATA 	Keypress: left
44.5710 	EXP 	Device response: <KeyPress from None: t=44.553820400033146, value=left, duration=None>
44.5866 	EXP 	fixation: autoDraw = False
44.5866 	EXP 	grating: autoDraw = False
44.5866 	EXP 	grating: ori = -2.0
44.5866 	EXP 	fixation: autoDraw = True
44.7043 	EXP 	Device response: <KeyPress from None: t=44.553820400033146, value=left, duration=0.1476608000230044>
45.0707 	INFO 	Keyboard events cleared
45.0705 	EXP 	grating: autoDraw = True
45.0865 	EXP 	fixation: autoDraw = False
45.3705 	EXP 	grating: autoDraw = False
45.8720 	EXP 	Device response: <KeyPress from None: t=45.868200100027025, value=left, duration=None>
45.8738 	DATA 	Keypress: left
45.8868 	EXP 	fixation: autoDraw = False
45.8868 	EXP 	grating: autoDraw = False
45.8868 	EXP 	grating: ori = -2.0
45.8868 	EXP 	fixation: autoDraw = True
45.9873 	EXP 	Device response: <KeyPress from None: t=45.868200100027025, value=left, duration=0.1142442999407649>
46.3864 	INFO 	Keyboard events cleared
46.3862 	EXP 	fixation: autoDraw = False
46.3862 	EXP 	grating: autoDraw = True
46.6860 	EXP 	grating: autoDraw = False
47.0699 	EXP 	Device response: <KeyPress from None: t=47.069085699971765, value=left, duration=None>
47.0713 	DATA 	Keypress: left
47.0866 	EXP 	fixation: autoDraw = False
47.0866 	EXP 	grating: autoDraw = False
47.0866 	EXP 	grating: ori = -1.5
47.0866 	EXP 	fixation: autoDraw = True
47.2196 	EXP 	Device response: <KeyPress from None: t=47.069085699971765, value=left, duration=0.13832670007832348>
47.5862 	INFO 	Keyboard events cleared
47.5860 	EXP 	fixation: autoDraw = False
47.5860 	EXP 	grating: autoDraw = True
47.8859 	EXP 	grating: autoDraw = False
48.4860 	EXP 	Device response: <KeyPress from None: t=48.48216180014424, value=left, duration=None>
48.4877 	DATA 	Keypress: left
48.5027 	EXP 	fixation: autoDraw = False
48.5027 	EXP 	grating: autoDraw = False
48.5027 	EXP 	grating: ori = -1.5
48.5027 	EXP 	fixation: autoDraw = True
48.6209 	EXP 	Device response: <KeyPress from None: t=48.48216180014424, value=left, duration=0.1354286998976022>
48.9905 	INFO 	Keyboard events cleared
48.9904 	EXP 	grating: autoDraw = True
49.0026 	EXP 	fixation: autoDraw = False
49.3029 	EXP 	grating: autoDraw = False
49.5361 	EXP 	Device response: <KeyPress from None: t=49.52382530015893, value=left, duration=None>
49.5379 	DATA 	Keypress: left
49.5523 	EXP 	fixation: autoDraw = False
49.5523 	EXP 	grating: autoDraw = False
49.5523 	EXP 	grating: ori = 1.5
49.5523 	EXP 	fixation: autoDraw = True
49.6858 	EXP 	Device response: <KeyPress from None: t=49.52382530015893, value=left, duration=0.15262710000388324>
50.0519 	INFO 	Keyboard events cleared
50.0517 	EXP 	fixation: autoDraw = False
50.0517 	EXP 	grating: autoDraw = True
50.3517 	EXP 	grating: autoDraw = False
51.0880 	DATA 	Keypress: left
51.1035 	EXP 	Device response: <KeyPress from None: t=51.08712920011021, value=left, duration=None>
51.1197 	EXP 	fixation: autoDraw = False
51.1197 	EXP 	grating: autoDraw = False
51.1197 	EXP 	grating: ori = -2.0
51.1197 	EXP 	fixation: autoDraw = True
51.2363 	EXP 	Device response: <KeyPress from None: t=51.08712920011021, value=left, duration=0.1354300999082625>
51.6030 	INFO 	Keyboard events cleared
51.6027 	EXP 	grating: autoDraw = True
51.6187 	EXP 	fixation: autoDraw = False
51.9018 	EXP 	grating: autoDraw = False
52.5046 	EXP 	Device response: <KeyPress from None: t=52.50214250013232, value=left, duration=None>
52.5068 	DATA 	Keypress: left
52.5187 	EXP 	fixation: autoDraw = False
52.5187 	EXP 	grating: autoDraw = False
52.5187 	EXP 	grating: ori = 2.0
52.5187 	EXP 	fixation: autoDraw = True
52.6196 	EXP 	Device response: <KeyPress from None: t=52.50214250013232, value=left, duration=0.10612450004555285>
53.0196 	INFO 	Keyboard events cleared
53.0193 	EXP 	fixation: autoDraw = False
53.0193 	EXP 	grating: autoDraw = True
53.3188 	EXP 	grating: autoDraw = False
53.7194 	EXP 	Device response: <KeyPress from None: t=53.718562999973074, value=left, duration=None>
53.7211 	DATA 	Keypress: left
53.7349 	EXP 	fixation: autoDraw = False
53.7349 	EXP 	grating: autoDraw = False
53.7349 	EXP 	grating: ori = 2.5
53.7349 	EXP 	fixation: autoDraw = True
53.8534 	EXP 	Device response: <KeyPress from None: t=53.718562999973074, value=left, duration=0.1201258001383394>
54.2190 	INFO 	Keyboard events cleared
54.2188 	EXP 	grating: autoDraw = True
54.2354 	EXP 	fixation: autoDraw = False
54.5175 	EXP 	grating: autoDraw = False
54.9685 	EXP 	Device response: <KeyPress from None: t=54.96318670012988, value=right, duration=None>
54.9702 	DATA 	Keypress: right
54.9843 	EXP 	fixation: autoDraw = False
54.9843 	EXP 	grating: autoDraw = False
54.9843 	EXP 	grating: ori = 2.5
54.9843 	EXP 	fixation: autoDraw = True
55.1025 	EXP 	Device response: <KeyPress from None: t=54.96318670012988, value=right, duration=0.13158080005086958>
55.4678 	INFO 	Keyboard events cleared
55.4676 	EXP 	grating: autoDraw = True
55.4854 	EXP 	fixation: autoDraw = False
55.7689 	EXP 	grating: autoDraw = False
56.1847 	EXP 	Device response: <KeyPress from None: t=56.17985730012879, value=right, duration=None>
56.1868 	DATA 	Keypress: right
56.2018 	EXP 	fixation: autoDraw = False
56.2018 	EXP 	grating: autoDraw = False
56.2018 	EXP 	grating: ori = 2.5
56.2018 	EXP 	fixation: autoDraw = True
56.3345 	EXP 	Device response: <KeyPress from None: t=56.17985730012879, value=right, duration=0.14013720001094043>
56.6849 	INFO 	Keyboard events cleared
56.6847 	EXP 	grating: autoDraw = True
56.7017 	EXP 	fixation: autoDraw = False
56.9841 	EXP 	grating: autoDraw = False
58.6181 	EXP 	Device response: <KeyPress from None: t=58.61742200003937, value=right, duration=None>
58.6202 	DATA 	Keypress: right
58.6344 	EXP 	fixation: autoDraw = False
58.6344 	EXP 	grating: autoDraw = False
58.6344 	EXP 	grating: ori = -2.0
58.6344 	EXP 	fixation: autoDraw = True
58.7348 	EXP 	Device response: <KeyPress from None: t=58.61742200003937, value=right, duration=0.10578650003299117>
59.1346 	INFO 	Keyboard events cleared
59.1344 	EXP 	fixation: autoDraw = False
59.1344 	EXP 	grating: autoDraw = True
59.4339 	EXP 	grating: autoDraw = False
59.9000 	EXP 	Device response: <KeyPress from None: t=59.89298740006052, value=left, duration=None>
59.9019 	DATA 	Keypress: left
59.9168 	EXP 	fixation: autoDraw = False
59.9168 	EXP 	grating: autoDraw = False
59.9168 	EXP 	grating: ori = 2.0
59.9168 	EXP 	fixation: autoDraw = True
60.0336 	EXP 	Device response: <KeyPress from None: t=59.89298740006052, value=left, duration=0.13610140001401305>
60.4004 	INFO 	Keyboard events cleared
60.4002 	EXP 	grating: autoDraw = True
60.4173 	EXP 	fixation: autoDraw = False
60.6999 	EXP 	grating: autoDraw = False
61.1842 	EXP 	Device response: <KeyPress from None: t=61.18331510014832, value=right, duration=None>
61.1862 	DATA 	Keypress: right
61.1999 	EXP 	fixation: autoDraw = False
61.1999 	EXP 	grating: autoDraw = False
61.1999 	EXP 	grating: ori = 2.0
61.1999 	EXP 	fixation: autoDraw = True
61.3164 	EXP 	Device response: <KeyPress from None: t=61.18331510014832, value=right, duration=0.12771529983729124>
61.6994 	INFO 	Keyboard events cleared
61.6992 	EXP 	fixation: autoDraw = False
61.6992 	EXP 	grating: autoDraw = True
62.0003 	EXP 	grating: autoDraw = False
62.7834 	EXP 	Device response: <KeyPress from None: t=62.77843299997039, value=right, duration=None>
62.7853 	DATA 	Keypress: right
62.7993 	EXP 	fixation: autoDraw = False
62.7993 	EXP 	grating: autoDraw = False
62.7993 	EXP 	grating: ori = 1.5
62.7993 	EXP 	fixation: autoDraw = True
62.8827 	EXP 	Device response: <KeyPress from None: t=62.77843299997039, value=right, duration=0.10362950013950467>
63.2981 	INFO 	Keyboard events cleared
63.2979 	EXP 	grating: autoDraw = True
63.3161 	EXP 	fixation: autoDraw = False
63.5995 	EXP 	grating: autoDraw = False
64.2652 	EXP 	Device response: <KeyPress from None: t=64.2603359001223, value=right, duration=None>
64.2670 	DATA 	Keypress: right
64.2822 	EXP 	fixation: autoDraw = False
64.2822 	EXP 	grating: autoDraw = False
64.2822 	EXP 	grating: ori = 1.5
64.2822 	EXP 	fixation: autoDraw = True
64.3994 	EXP 	Device response: <KeyPress from None: t=64.2603359001223, value=right, duration=0.13480659993365407>
64.7643 	INFO 	Keyboard events cleared
64.7641 	EXP 	grating: autoDraw = True
64.7987 	EXP 	fixation: autoDraw = False
65.0648 	EXP 	grating: autoDraw = False
65.3513 	EXP 	Device response: <KeyPress from None: t=65.34752080007456, value=left, duration=None>
65.3538 	DATA 	Keypress: left
65.3643 	EXP 	fixation: autoDraw = False
65.3643 	EXP 	grating: autoDraw = False
65.3643 	EXP 	grating: ori = -2.0
65.3643 	EXP 	fixation: autoDraw = True
65.4651 	EXP 	Device response: <KeyPress from None: t=65.34752080007456, value=left, duration=0.11708039999939501>
65.8638 	INFO 	Keyboard events cleared
65.8636 	EXP 	fixation: autoDraw = False
65.8636 	EXP 	grating: autoDraw = True
66.1644 	EXP 	grating: autoDraw = False
66.9814 	EXP 	Device response: <KeyPress from None: t=66.97744330018759, value=left, duration=None>
66.9837 	DATA 	Keypress: left
66.9975 	EXP 	fixation: autoDraw = False
66.9975 	EXP 	grating: autoDraw = False
66.9975 	EXP 	grating: ori = -2.0
66.9975 	EXP 	fixation: autoDraw = True
67.0962 	EXP 	Device response: <KeyPress from None: t=66.97744330018759, value=left, duration=0.1086706998758018>
67.4813 	INFO 	Keyboard events cleared
67.4811 	EXP 	grating: autoDraw = True
67.4966 	EXP 	fixation: autoDraw = False
67.7797 	EXP 	grating: autoDraw = False
68.8814 	EXP 	Device response: <KeyPress from None: t=68.86801660014316, value=right, duration=None>
68.8832 	DATA 	Keypress: right
68.8973 	EXP 	fixation: autoDraw = False
68.8973 	EXP 	grating: autoDraw = False
68.8973 	EXP 	grating: ori = 2.5
68.8973 	EXP 	fixation: autoDraw = True
68.9975 	EXP 	Device response: <KeyPress from None: t=68.86801660014316, value=right, duration=0.11365920002572238>
69.3969 	INFO 	Keyboard events cleared
69.3967 	EXP 	fixation: autoDraw = False
69.3967 	EXP 	grating: autoDraw = True
69.6968 	EXP 	grating: autoDraw = False
70.2475 	EXP 	Device response: <KeyPress from None: t=70.24540460016578, value=left, duration=None>
70.2497 	DATA 	Keypress: left
70.2631 	EXP 	fixation: autoDraw = False
70.2631 	EXP 	grating: autoDraw = False
70.2631 	EXP 	grating: ori = 3.0
70.2631 	EXP 	fixation: autoDraw = True
70.3806 	EXP 	Device response: <KeyPress from None: t=70.24540460016578, value=left, duration=0.12183069996535778>
70.7639 	INFO 	Keyboard events cleared
70.7636 	EXP 	fixation: autoDraw = False
70.7636 	EXP 	grating: autoDraw = True
71.0634 	EXP 	grating: autoDraw = False
71.3459 	EXP 	Device response: <KeyPress from None: t=71.34160850010812, value=left, duration=None>
71.3475 	DATA 	Keypress: left
71.3631 	EXP 	fixation: autoDraw = False
71.3631 	EXP 	grating: autoDraw = False
71.3631 	EXP 	grating: ori = -3.5
71.3631 	EXP 	fixation: autoDraw = True
71.4797 	EXP 	Device response: <KeyPress from None: t=71.34160850010812, value=left, duration=0.13040099991485476>
71.8471 	INFO 	Keyboard events cleared
71.8468 	EXP 	grating: autoDraw = True
71.8622 	EXP 	fixation: autoDraw = False
72.1633 	EXP 	grating: autoDraw = False
72.8648 	DATA 	Keypress: left
72.8804 	EXP 	Device response: <KeyPress from None: t=72.86420319997706, value=left, duration=None>
72.8957 	EXP 	fixation: autoDraw = False
72.8957 	EXP 	grating: autoDraw = False
72.8957 	EXP 	grating: ori = 3.5
72.8957 	EXP 	fixation: autoDraw = True
72.9799 	EXP 	Device response: <KeyPress from None: t=72.86420319997706, value=left, duration=0.10149530018679798>
73.3954 	INFO 	Keyboard events cleared
73.3952 	EXP 	fixation: autoDraw = False
73.3952 	EXP 	grating: autoDraw = True
73.6957 	EXP 	grating: autoDraw = False
74.2972 	DATA 	Keypress: left
74.3120 	EXP 	Device response: <KeyPress from None: t=74.29613480018452, value=left, duration=None>
74.3286 	EXP 	fixation: autoDraw = False
74.3286 	EXP 	grating: autoDraw = False
74.3286 	EXP 	grating: ori = 4.0
74.3286 	EXP 	fixation: autoDraw = True
74.4130 	EXP 	Device response: <KeyPress from None: t=74.29613480018452, value=left, duration=0.11515609989874065>
74.8126 	INFO 	Keyboard events cleared
74.8124 	EXP 	grating: autoDraw = True
74.8295 	EXP 	fixation: autoDraw = False
75.1284 	EXP 	grating: autoDraw = False
75.3117 	EXP 	Device response: <KeyPress from None: t=75.30726859997958, value=right, duration=None>
75.3138 	DATA 	Keypress: right
75.3274 	EXP 	fixation: autoDraw = False
75.3274 	EXP 	grating: autoDraw = False
75.3274 	EXP 	grating: ori = 4.0
75.3274 	EXP 	fixation: autoDraw = True
75.4624 	EXP 	Device response: <KeyPress from None: t=75.30726859997958, value=right, duration=0.14367980021052063>
75.8112 	INFO 	Keyboard events cleared
75.8110 	EXP 	grating: autoDraw = True
75.8277 	EXP 	fixation: autoDraw = False
76.1118 	EXP 	grating: autoDraw = False
76.3953 	EXP 	Device response: <KeyPress from None: t=76.39301810017787, value=right, duration=None>
76.3970 	DATA 	Keypress: right
76.4116 	EXP 	fixation: autoDraw = False
76.4116 	EXP 	grating: autoDraw = False
76.4116 	EXP 	grating: ori = 4.0
76.4116 	EXP 	fixation: autoDraw = True
76.5443 	EXP 	Device response: <KeyPress from None: t=76.39301810017787, value=right, duration=0.14439849997870624>
76.8954 	INFO 	Keyboard events cleared
76.8951 	EXP 	grating: autoDraw = True
76.9109 	EXP 	fixation: autoDraw = False
77.1949 	EXP 	grating: autoDraw = False
77.5616 	EXP 	Device response: <KeyPress from None: t=77.55788400000893, value=right, duration=None>
77.5643 	DATA 	Keypress: right
77.5770 	EXP 	fixation: autoDraw = False
77.5770 	EXP 	grating: autoDraw = False
77.5770 	EXP 	grating: ori = 3.5
77.5770 	EXP 	fixation: autoDraw = True
77.7104 	EXP 	Device response: <KeyPress from None: t=77.55788400000893, value=right, duration=0.14699960011057556>
78.0608 	INFO 	Keyboard events cleared
78.0605 	EXP 	grating: autoDraw = True
78.0776 	EXP 	fixation: autoDraw = False
78.3610 	EXP 	grating: autoDraw = False
78.8606 	EXP 	Device response: <KeyPress from None: t=78.85293080005795, value=left, duration=None>
78.8628 	DATA 	Keypress: left
78.8769 	EXP 	fixation: autoDraw = False
78.8769 	EXP 	grating: autoDraw = False
78.8769 	EXP 	grating: ori = 4.0
78.8769 	EXP 	fixation: autoDraw = True
78.9607 	EXP 	Device response: <KeyPress from None: t=78.85293080005795, value=left, duration=0.0972812999971211>
79.3605 	INFO 	Keyboard events cleared
79.3603 	EXP 	grating: autoDraw = True
79.3763 	EXP 	fixation: autoDraw = False
79.6609 	EXP 	grating: autoDraw = False
80.0586 	EXP 	Device response: <KeyPress from None: t=80.05351040000096, value=right, duration=None>
80.0595 	DATA 	Keypress: right
80.0742 	EXP 	fixation: autoDraw = False
80.0742 	EXP 	grating: autoDraw = False
80.0742 	EXP 	grating: ori = -4.0
80.0742 	EXP 	fixation: autoDraw = True
80.2080 	EXP 	Device response: <KeyPress from None: t=80.05351040000096, value=right, duration=0.1470359000377357>
80.5586 	INFO 	Keyboard events cleared
80.5584 	EXP 	grating: autoDraw = True
80.5760 	EXP 	fixation: autoDraw = False
80.8581 	EXP 	grating: autoDraw = False
81.2251 	EXP 	Device response: <KeyPress from None: t=81.22468610014766, value=left, duration=None>
81.2263 	DATA 	Keypress: left
81.2421 	EXP 	fixation: autoDraw = False
81.2421 	EXP 	grating: autoDraw = False
81.2421 	EXP 	grating: ori = -4.0
81.2421 	EXP 	fixation: autoDraw = True
81.3584 	EXP 	Device response: <KeyPress from None: t=81.22468610014766, value=left, duration=0.12061919993720949>
81.7251 	INFO 	Keyboard events cleared
81.7248 	EXP 	grating: autoDraw = True
81.7436 	EXP 	fixation: autoDraw = False
82.0258 	EXP 	grating: autoDraw = False
82.4256 	EXP 	Device response: <KeyPress from None: t=82.42167060007341, value=left, duration=None>
82.4272 	DATA 	Keypress: left
82.4429 	EXP 	fixation: autoDraw = False
82.4429 	EXP 	grating: autoDraw = False
82.4429 	EXP 	grating: ori = -3.5
82.4429 	EXP 	fixation: autoDraw = True
82.5584 	EXP 	Device response: <KeyPress from None: t=82.42167060007341, value=left, duration=0.12311260006390512>
82.9254 	INFO 	Keyboard events cleared
82.9253 	EXP 	grating: autoDraw = True
82.9439 	EXP 	fixation: autoDraw = False
83.2252 	EXP 	grating: autoDraw = False
83.4117 	DATA 	Keypress: left
83.4264 	EXP 	Device response: <KeyPress from None: t=83.40986410016194, value=left, duration=None>
83.4432 	EXP 	fixation: autoDraw = False
83.4432 	EXP 	grating: autoDraw = False
83.4432 	EXP 	grating: ori = 3.5
83.4432 	EXP 	fixation: autoDraw = True
83.5257 	EXP 	Device response: <KeyPress from None: t=83.40986410016194, value=left, duration=0.11061019985936582>
83.9427 	INFO 	Keyboard events cleared
83.9425 	EXP 	grating: autoDraw = True
83.9588 	EXP 	fixation: autoDraw = False
84.2419 	EXP 	grating: autoDraw = False
84.4594 	EXP 	Device response: <KeyPress from None: t=84.44436590000987, value=right, duration=None>
84.4613 	DATA 	Keypress: right
84.4752 	EXP 	fixation: autoDraw = False
84.4752 	EXP 	grating: autoDraw = False
84.4752 	EXP 	grating: ori = 3.5
84.4752 	EXP 	fixation: autoDraw = True
84.5908 	EXP 	Device response: <KeyPress from None: t=84.44436590000987, value=right, duration=0.14366440009325743>
84.9746 	INFO 	Keyboard events cleared
84.9744 	EXP 	grating: autoDraw = True
84.9914 	EXP 	fixation: autoDraw = False
85.2748 	EXP 	grating: autoDraw = False
85.5940 	EXP 	Device response: <KeyPress from None: t=85.5916850999929, value=right, duration=None>
85.5955 	DATA 	Keypress: right
85.6075 	EXP 	fixation: autoDraw = False
85.6075 	EXP 	grating: autoDraw = False
85.6075 	EXP 	grating: ori = 3.0
85.6075 	EXP 	fixation: autoDraw = True
85.7570 	EXP 	Device response: <KeyPress from None: t=85.5916850999929, value=right, duration=0.15220000012777746>
86.1087 	INFO 	Keyboard events cleared
86.1081 	EXP 	fixation: autoDraw = False
86.1081 	EXP 	grating: autoDraw = True
86.4074 	EXP 	grating: autoDraw = False
86.5076 	EXP 	Device response: <KeyPress from None: t=86.50496409996413, value=right, duration=None>
86.5102 	DATA 	Keypress: right
86.5238 	EXP 	fixation: autoDraw = False
86.5238 	EXP 	grating: autoDraw = False
86.5238 	EXP 	grating: ori = -3.0
86.5238 	EXP 	fixation: autoDraw = True
86.6737 	EXP 	Device response: <KeyPress from None: t=86.50496409996413, value=right, duration=0.16126310010440648>
87.0226 	INFO 	Keyboard events cleared
87.0225 	EXP 	grating: autoDraw = True
87.0390 	EXP 	fixation: autoDraw = False
87.3231 	EXP 	grating: autoDraw = False
87.5393 	EXP 	Device response: <KeyPress from None: t=87.53369450010359, value=left, duration=None>
87.5407 	DATA 	Keypress: left
87.5555 	EXP 	fixation: autoDraw = False
87.5555 	EXP 	grating: autoDraw = False
87.5555 	EXP 	grating: ori = 3.0
87.5555 	EXP 	fixation: autoDraw = True
87.6896 	EXP 	Device response: <KeyPress from None: t=87.53369450010359, value=left, duration=0.1408841998782009>
88.0401 	INFO 	Keyboard events cleared
88.0399 	EXP 	grating: autoDraw = True
88.0571 	EXP 	fixation: autoDraw = False
88.3401 	EXP 	grating: autoDraw = False
88.6453 	EXP 	Device response: <KeyPress from None: t=88.64165710005909, value=right, duration=None>
88.6486 	DATA 	Keypress: right
88.6594 	EXP 	fixation: autoDraw = False
88.6594 	EXP 	grating: autoDraw = False
88.6594 	EXP 	grating: ori = -2.5
88.6594 	EXP 	fixation: autoDraw = True
88.7895 	EXP 	Device response: <KeyPress from None: t=88.64165710005909, value=right, duration=0.14518649992533028>
89.1558 	INFO 	Keyboard events cleared
89.1556 	EXP 	grating: autoDraw = True
89.1722 	EXP 	fixation: autoDraw = False
89.4552 	EXP 	grating: autoDraw = False
89.6075 	EXP 	Device response: <KeyPress from None: t=89.60711770015769, value=left, duration=None>
89.6088 	DATA 	Keypress: left
89.6216 	EXP 	fixation: autoDraw = False
89.6216 	EXP 	grating: autoDraw = False
89.6216 	EXP 	grating: ori = 2.5
89.6216 	EXP 	fixation: autoDraw = True
89.7725 	EXP 	Device response: <KeyPress from None: t=89.60711770015769, value=left, duration=0.15522339986637235>
90.1217 	INFO 	Keyboard events cleared
90.1215 	EXP 	fixation: autoDraw = False
90.1215 	EXP 	grating: autoDraw = True
90.4213 	EXP 	grating: autoDraw = False
90.7049 	EXP 	Device response: <KeyPress from None: t=90.70100040012039, value=right, duration=None>
90.7064 	DATA 	Keypress: right
90.7219 	EXP 	fixation: autoDraw = False
90.7219 	EXP 	grating: autoDraw = False
90.7219 	EXP 	grating: ori = 2.5
90.7219 	EXP 	fixation: autoDraw = True
90.8725 	EXP 	Device response: <KeyPress from None: t=90.70100040012039, value=right, duration=0.16463640006259084>
91.2045 	INFO 	Keyboard events cleared
91.2043 	EXP 	grating: autoDraw = True
91.2212 	EXP 	fixation: autoDraw = False
91.5064 	EXP 	grating: autoDraw = False
91.8557 	EXP 	Device response: <KeyPress from None: t=91.84405319998041, value=right, duration=None>
91.8577 	DATA 	Keypress: right
91.8715 	EXP 	fixation: autoDraw = False
91.8715 	EXP 	grating: autoDraw = False
91.8715 	EXP 	grating: ori = 2.0
91.8715 	EXP 	fixation: autoDraw = True
92.0054 	EXP 	Device response: <KeyPress from None: t=91.84405319998041, value=right, duration=0.150849100202322>
92.3732 	INFO 	Keyboard events cleared
92.3729 	EXP 	fixation: autoDraw = False
92.3729 	EXP 	grating: autoDraw = True
92.6871 	EXP 	grating: autoDraw = False
92.9047 	EXP 	Device response: <KeyPress from None: t=92.90040610008873, value=right, duration=None>
92.9073 	DATA 	Keypress: right
92.9208 	EXP 	fixation: autoDraw = False
92.9208 	EXP 	grating: autoDraw = False
92.9208 	EXP 	grating: ori = 2.0
92.9208 	EXP 	fixation: autoDraw = True
93.0544 	EXP 	Device response: <KeyPress from None: t=92.90040610008873, value=right, duration=0.14829690009355545>
93.4204 	INFO 	Keyboard events cleared
93.4203 	EXP 	fixation: autoDraw = False
93.4203 	EXP 	grating: autoDraw = True
93.7199 	EXP 	grating: autoDraw = False
94.0889 	EXP 	Device response: <KeyPress from None: t=94.0781302000396, value=left, duration=None>
94.0908 	DATA 	Keypress: left
94.1055 	EXP 	fixation: autoDraw = False
94.1055 	EXP 	grating: autoDraw = False
94.1055 	EXP 	grating: ori = -2.5
94.1055 	EXP 	fixation: autoDraw = True
94.2232 	EXP 	Device response: <KeyPress from None: t=94.0781302000396, value=left, duration=0.13468979997560382>
94.5880 	INFO 	Keyboard events cleared
94.5879 	EXP 	grating: autoDraw = True
94.6056 	EXP 	fixation: autoDraw = False
94.8890 	EXP 	grating: autoDraw = False
95.1546 	EXP 	Device response: <KeyPress from None: t=95.13896110001951, value=left, duration=None>
95.1567 	DATA 	Keypress: left
95.1721 	EXP 	fixation: autoDraw = False
95.1721 	EXP 	grating: autoDraw = False
95.1721 	EXP 	grating: ori = -2.5
95.1721 	EXP 	fixation: autoDraw = True
95.2885 	EXP 	Device response: <KeyPress from None: t=95.13896110001951, value=left, duration=0.1401225000154227>
95.6722 	INFO 	Keyboard events cleared
95.6719 	EXP 	grating: autoDraw = True
95.6880 	EXP 	fixation: autoDraw = False
95.9721 	EXP 	grating: autoDraw = False
96.1211 	EXP 	Device response: <KeyPress from None: t=96.11643510009162, value=left, duration=None>
96.1229 	DATA 	Keypress: left
96.1380 	EXP 	fixation: autoDraw = False
96.1380 	EXP 	grating: autoDraw = False
96.1380 	EXP 	grating: ori = -2.5
96.1380 	EXP 	fixation: autoDraw = True
96.2728 	EXP 	Device response: <KeyPress from None: t=96.11643510009162, value=left, duration=0.14023589994758368>
96.6213 	INFO 	Keyboard events cleared
96.6212 	EXP 	grating: autoDraw = True
96.6377 	EXP 	fixation: autoDraw = False
96.9376 	EXP 	grating: autoDraw = False
97.2371 	EXP 	Device response: <KeyPress from None: t=97.23295600013807, value=left, duration=None>
97.2392 	DATA 	Keypress: left
97.2543 	EXP 	fixation: autoDraw = False
97.2543 	EXP 	grating: autoDraw = False
97.2543 	EXP 	grating: ori = 2.0
97.2543 	EXP 	fixation: autoDraw = True
97.3556 	EXP 	Device response: <KeyPress from None: t=97.23295600013807, value=left, duration=0.10456579993478954>
97.7392 	INFO 	Keyboard events cleared
97.7389 	EXP 	grating: autoDraw = True
97.7546 	EXP 	fixation: autoDraw = False
98.0531 	EXP 	grating: autoDraw = False
98.2540 	EXP 	Device response: <KeyPress from None: t=98.24370310013182, value=right, duration=None>
98.2564 	DATA 	Keypress: right
98.2708 	EXP 	fixation: autoDraw = False
98.2708 	EXP 	grating: autoDraw = False
98.2708 	EXP 	grating: ori = 2.0
98.2708 	EXP 	fixation: autoDraw = True
98.4045 	EXP 	Device response: <KeyPress from None: t=98.24370310013182, value=right, duration=0.15673949988558888>
98.7544 	INFO 	Keyboard events cleared
98.7542 	EXP 	grating: autoDraw = True
98.7718 	EXP 	fixation: autoDraw = False
99.0535 	EXP 	grating: autoDraw = False
99.3532 	EXP 	Device response: <KeyPress from None: t=99.34754900005646, value=right, duration=None>
99.3549 	DATA 	Keypress: right
99.3702 	EXP 	fixation: autoDraw = False
99.3702 	EXP 	grating: autoDraw = False
99.3702 	EXP 	grating: ori = -2.0
99.3702 	EXP 	fixation: autoDraw = True
99.4881 	EXP 	Device response: <KeyPress from None: t=99.34754900005646, value=right, duration=0.13702440005727112>
99.8693 	INFO 	Keyboard events cleared
99.8689 	EXP 	fixation: autoDraw = False
99.8689 	EXP 	grating: autoDraw = True
100.1698 	EXP 	grating: autoDraw = False
100.6696 	EXP 	Device response: <KeyPress from None: t=100.66574950003996, value=left, duration=None>
100.6712 	DATA 	Keypress: left
100.6867 	EXP 	fixation: autoDraw = False
100.6867 	EXP 	grating: autoDraw = False
100.6867 	EXP 	grating: ori = -1.5
100.6867 	EXP 	fixation: autoDraw = True
100.7854 	EXP 	Device response: <KeyPress from None: t=100.66574950003996, value=left, duration=0.11494780005887151>
101.1697 	INFO 	Keyboard events cleared
101.1695 	EXP 	grating: autoDraw = True
101.1871 	EXP 	fixation: autoDraw = False
101.4695 	EXP 	grating: autoDraw = False
101.6539 	EXP 	Device response: <KeyPress from None: t=101.6484709000215, value=left, duration=None>
101.6555 	DATA 	Keypress: left
101.6699 	EXP 	fixation: autoDraw = False
101.6699 	EXP 	grating: autoDraw = False
101.6699 	EXP 	grating: ori = 1.5
101.6699 	EXP 	fixation: autoDraw = True
101.8029 	EXP 	Device response: <KeyPress from None: t=101.6484709000215, value=left, duration=0.14017789997160435>
102.1696 	INFO 	Keyboard events cleared
102.1694 	EXP 	fixation: autoDraw = False
102.1694 	EXP 	grating: autoDraw = True
102.4689 	EXP 	grating: autoDraw = False
102.6048 	EXP 	Device response: <KeyPress from None: t=102.60415050014853, value=right, duration=None>
102.6067 	DATA 	Keypress: right
102.6176 	EXP 	fixation: autoDraw = False
102.6176 	EXP 	grating: autoDraw = False
102.6176 	EXP 	grating: ori = -1.5
102.6176 	EXP 	fixation: autoDraw = True
102.7865 	EXP 	Device response: <KeyPress from None: t=102.60415050014853, value=right, duration=0.17390979989431798>
103.1191 	INFO 	Keyboard events cleared
103.1189 	EXP 	fixation: autoDraw = False
103.1189 	EXP 	grating: autoDraw = True
103.4192 	EXP 	grating: autoDraw = False
104.2053 	EXP 	Device response: <KeyPress from None: t=104.20325600006618, value=left, duration=None>
104.2070 	DATA 	Keypress: left
104.2183 	EXP 	fixation: autoDraw = False
104.2183 	EXP 	grating: autoDraw = False
104.2183 	EXP 	grating: ori = 1.0
104.2183 	EXP 	fixation: autoDraw = True
104.3348 	EXP 	Device response: <KeyPress from None: t=104.20325600006618, value=left, duration=0.12679299991577864>
104.7188 	INFO 	Keyboard events cleared
104.7186 	EXP 	fixation: autoDraw = False
104.7186 	EXP 	grating: autoDraw = True
105.0185 	EXP 	grating: autoDraw = False
105.7847 	EXP 	Device response: <KeyPress from None: t=105.77127620019019, value=left, duration=None>
105.7865 	DATA 	Keypress: left
105.8013 	EXP 	fixation: autoDraw = False
105.8013 	EXP 	grating: autoDraw = False
105.8013 	EXP 	grating: ori = -1.5
105.8013 	EXP 	fixation: autoDraw = True
105.8846 	EXP 	Device response: <KeyPress from None: t=105.77127620019019, value=left, duration=0.10409149993211031>
106.2842 	INFO 	Keyboard events cleared
106.2840 	EXP 	grating: autoDraw = True
106.3005 	EXP 	fixation: autoDraw = False
106.5839 	EXP 	grating: autoDraw = False
106.9681 	EXP 	Device response: <KeyPress from None: t=106.9597244001925, value=left, duration=None>
106.9706 	DATA 	Keypress: left
106.9842 	EXP 	fixation: autoDraw = False
106.9842 	EXP 	grating: autoDraw = False
106.9842 	EXP 	grating: ori = 1.5
106.9842 	EXP 	fixation: autoDraw = True
107.0848 	EXP 	Device response: <KeyPress from None: t=106.9597244001925, value=left, duration=0.10990449995733798>
107.4842 	INFO 	Keyboard events cleared
107.4840 	EXP 	fixation: autoDraw = False
107.4840 	EXP 	grating: autoDraw = True
107.8006 	EXP 	grating: autoDraw = False
108.2996 	EXP 	Device response: <KeyPress from None: t=108.29456589999609, value=left, duration=None>
108.3012 	DATA 	Keypress: left
108.3163 	EXP 	fixation: autoDraw = False
108.3163 	EXP 	grating: autoDraw = False
108.3163 	EXP 	grating: ori = 2.0
108.3163 	EXP 	fixation: autoDraw = True
108.4021 	EXP 	Device response: <KeyPress from None: t=108.29456589999609, value=left, duration=0.1032749000005424>
108.7996 	INFO 	Keyboard events cleared
108.7994 	EXP 	grating: autoDraw = True
108.8161 	EXP 	fixation: autoDraw = False
109.1006 	EXP 	grating: autoDraw = False
109.2351 	EXP 	Device response: <KeyPress from None: t=109.2345810001716, value=right, duration=None>
109.2372 	DATA 	Keypress: right
109.2504 	EXP 	fixation: autoDraw = False
109.2504 	EXP 	grating: autoDraw = False
109.2504 	EXP 	grating: ori = -2.0
109.2504 	EXP 	fixation: autoDraw = True
109.3850 	EXP 	Device response: <KeyPress from None: t=109.2345810001716, value=right, duration=0.14796159998513758>
109.7505 	INFO 	Keyboard events cleared
109.7503 	EXP 	fixation: autoDraw = False
109.7503 	EXP 	grating: autoDraw = True
110.0494 	EXP 	grating: autoDraw = False
110.2993 	EXP 	Device response: <KeyPress from None: t=110.29078300017864, value=left, duration=None>
110.3011 	DATA 	Keypress: left
110.3151 	EXP 	fixation: autoDraw = False
110.3151 	EXP 	grating: autoDraw = False
110.3151 	EXP 	grating: ori = 2.0
110.3151 	EXP 	fixation: autoDraw = True
110.4494 	EXP 	Device response: <KeyPress from None: t=110.29078300017864, value=left, duration=0.14521220000460744>
110.7996 	INFO 	Keyboard events cleared
110.7994 	EXP 	grating: autoDraw = True
110.8160 	EXP 	fixation: autoDraw = False
111.0998 	EXP 	grating: autoDraw = False
111.3660 	EXP 	Device response: <KeyPress from None: t=111.36088689998724, value=right, duration=None>
111.3679 	DATA 	Keypress: right
111.3832 	EXP 	fixation: autoDraw = False
111.3832 	EXP 	grating: autoDraw = False
111.3832 	EXP 	grating: ori = -1.5
111.3832 	EXP 	fixation: autoDraw = True
111.5343 	EXP 	Device response: <KeyPress from None: t=111.36088689998724, value=right, duration=0.15637139999307692>
111.8644 	INFO 	Keyboard events cleared
111.8643 	EXP 	grating: autoDraw = True
111.8998 	EXP 	fixation: autoDraw = False
112.1656 	EXP 	grating: autoDraw = False
112.4997 	EXP 	Device response: <KeyPress from None: t=112.49188450002111, value=left, duration=None>
112.5013 	DATA 	Keypress: left
112.5149 	EXP 	fixation: autoDraw = False
112.5149 	EXP 	grating: autoDraw = False
112.5149 	EXP 	grating: ori = -1.5
112.5149 	EXP 	fixation: autoDraw = True
112.6334 	EXP 	Device response: <KeyPress from None: t=112.49188450002111, value=left, duration=0.12551239994354546>
113.0146 	INFO 	Keyboard events cleared
113.0144 	EXP 	fixation: autoDraw = False
113.0144 	EXP 	grating: autoDraw = True
113.3157 	EXP 	grating: autoDraw = False
113.7328 	EXP 	Device response: <KeyPress from None: t=113.72035449999385, value=left, duration=None>
113.7350 	DATA 	Keypress: left
113.7483 	EXP 	fixation: autoDraw = False
113.7483 	EXP 	grating: autoDraw = False
113.7483 	EXP 	grating: ori = 1.5
113.7483 	EXP 	fixation: autoDraw = True
113.8817 	EXP 	Device response: <KeyPress from None: t=113.72035449999385, value=left, duration=0.1500891000032425>
114.2485 	INFO 	Keyboard events cleared
114.2483 	EXP 	fixation: autoDraw = False
114.2483 	EXP 	grating: autoDraw = True
114.5482 	EXP 	grating: autoDraw = False
115.1322 	EXP 	Device response: <KeyPress from None: t=115.12135150004178, value=right, duration=None>
115.1340 	DATA 	Keypress: right
115.1486 	EXP 	fixation: autoDraw = False
115.1486 	EXP 	grating: autoDraw = False
115.1486 	EXP 	grating: ori = -1.0
115.1486 	EXP 	fixation: autoDraw = True
115.2647 	EXP 	Device response: <KeyPress from None: t=115.12135150004178, value=right, duration=0.13538100011646748>
115.6477 	INFO 	Keyboard events cleared
115.6475 	EXP 	fixation: autoDraw = False
115.6475 	EXP 	grating: autoDraw = True
115.9482 	EXP 	grating: autoDraw = False
116.5813 	EXP 	Device response: <KeyPress from None: t=116.57063330011442, value=right, duration=None>
116.5828 	DATA 	Keypress: right
116.5973 	EXP 	fixation: autoDraw = False
116.5973 	EXP 	grating: autoDraw = False
116.5973 	EXP 	grating: ori = 1.5
116.5973 	EXP 	fixation: autoDraw = True
116.6979 	EXP 	Device response: <KeyPress from None: t=116.57063330011442, value=right, duration=0.12263190001249313>
117.0818 	INFO 	Keyboard events cleared
117.0816 	EXP 	grating: autoDraw = True
117.0971 	EXP 	fixation: autoDraw = False
117.3958 	EXP 	grating: autoDraw = False
117.7812 	EXP 	Device response: <KeyPress from None: t=117.77161390008405, value=left, duration=None>
117.7829 	DATA 	Keypress: left
117.7967 	EXP 	fixation: autoDraw = False
117.7967 	EXP 	grating: autoDraw = False
117.7967 	EXP 	grating: ori = -2.0
117.7967 	EXP 	fixation: autoDraw = True
117.8977 	EXP 	Device response: <KeyPress from None: t=117.77161390008405, value=left, duration=0.11203929991461337>
118.2965 	INFO 	Keyboard events cleared
118.2964 	EXP 	fixation: autoDraw = False
118.2964 	EXP 	grating: autoDraw = True
118.5972 	EXP 	grating: autoDraw = False
118.9649 	EXP 	Device response: <KeyPress from None: t=118.94888869998977, value=left, duration=None>
118.9673 	DATA 	Keypress: left
118.9805 	EXP 	fixation: autoDraw = False
118.9805 	EXP 	grating: autoDraw = False
118.9805 	EXP 	grating: ori = -2.0
118.9805 	EXP 	fixation: autoDraw = True
119.0801 	EXP 	Device response: <KeyPress from None: t=118.94888869998977, value=left, duration=0.12642590003088117>
119.4804 	INFO 	Keyboard events cleared
119.4802 	EXP 	fixation: autoDraw = False
119.4802 	EXP 	grating: autoDraw = True
119.7803 	EXP 	grating: autoDraw = False
120.0309 	EXP 	Device response: <KeyPress from None: t=120.01992660015821, value=left, duration=None>
120.0329 	DATA 	Keypress: left
120.0466 	EXP 	fixation: autoDraw = False
120.0466 	EXP 	grating: autoDraw = False
120.0466 	EXP 	grating: ori = -2.0
120.0466 	EXP 	fixation: autoDraw = True
120.1476 	EXP 	Device response: <KeyPress from None: t=120.01992660015821, value=left, duration=0.11251410003751516>
120.5298 	INFO 	Keyboard events cleared
120.5296 	EXP 	grating: autoDraw = True
120.5464 	EXP 	fixation: autoDraw = False
120.8287 	EXP 	grating: autoDraw = False
121.1302 	EXP 	Device response: <KeyPress from None: t=121.12970350007527, value=left, duration=None>
121.1319 	DATA 	Keypress: left
121.1454 	EXP 	fixation: autoDraw = False
121.1454 	EXP 	grating: autoDraw = False
121.1454 	EXP 	grating: ori = 1.5
121.1454 	EXP 	fixation: autoDraw = True
121.2634 	EXP 	Device response: <KeyPress from None: t=121.12970350007527, value=left, duration=0.12189440010115504>
121.6455 	INFO 	Keyboard events cleared
121.6452 	EXP 	fixation: autoDraw = False
121.6452 	EXP 	grating: autoDraw = True
121.9457 	EXP 	grating: autoDraw = False
122.2964 	EXP 	Device response: <KeyPress from None: t=122.28485679998994, value=right, duration=None>
122.2989 	DATA 	Keypress: right
122.3128 	EXP 	fixation: autoDraw = False
122.3128 	EXP 	grating: autoDraw = False
122.3128 	EXP 	grating: ori = 1.5
122.3128 	EXP 	fixation: autoDraw = True
122.4459 	EXP 	Device response: <KeyPress from None: t=122.28485679998994, value=right, duration=0.15201280009932816>
122.8130 	INFO 	Keyboard events cleared
122.8128 	EXP 	fixation: autoDraw = False
122.8128 	EXP 	grating: autoDraw = True
123.1128 	EXP 	grating: autoDraw = False
123.3792 	EXP 	Device response: <KeyPress from None: t=123.3692824000027, value=right, duration=None>
123.3811 	DATA 	Keypress: right
123.3949 	EXP 	fixation: autoDraw = False
123.3949 	EXP 	grating: autoDraw = False
123.3949 	EXP 	grating: ori = -1.5
123.3949 	EXP 	fixation: autoDraw = True
123.5297 	EXP 	Device response: <KeyPress from None: t=123.3692824000027, value=right, duration=0.14861270016990602>
123.8780 	INFO 	Keyboard events cleared
123.8778 	EXP 	grating: autoDraw = True
123.8952 	EXP 	fixation: autoDraw = False
124.1793 	EXP 	grating: autoDraw = False
124.4147 	EXP 	Device response: <KeyPress from None: t=124.41178150009364, value=left, duration=None>
124.4165 	DATA 	Keypress: left
124.4280 	EXP 	fixation: autoDraw = False
124.4280 	EXP 	grating: autoDraw = False
124.4280 	EXP 	grating: ori = 1.0
124.4280 	EXP 	fixation: autoDraw = True
124.5622 	EXP 	Device response: <KeyPress from None: t=124.41178150009364, value=left, duration=0.14556899992749095>
124.9290 	INFO 	Keyboard events cleared
124.9287 	EXP 	grating: autoDraw = True
124.9442 	EXP 	fixation: autoDraw = False
125.2275 	EXP 	grating: autoDraw = False
125.7630 	EXP 	Device response: <KeyPress from None: t=125.74601110001095, value=right, duration=None>
125.7650 	DATA 	Keypress: right
125.7790 	EXP 	fixation: autoDraw = False
125.7790 	EXP 	grating: autoDraw = False
125.7790 	EXP 	grating: ori = -1.0
125.7790 	EXP 	fixation: autoDraw = True
125.8950 	EXP 	Device response: <KeyPress from None: t=125.74601110001095, value=right, duration=0.13988060015253723>
126.2778 	INFO 	Keyboard events cleared
126.2777 	EXP 	grating: autoDraw = True
126.2946 	EXP 	fixation: autoDraw = False
126.5785 	EXP 	grating: autoDraw = False
126.8438 	EXP 	Device response: <KeyPress from None: t=126.83906990010291, value=left, duration=None>
126.8455 	DATA 	Keypress: left
126.8608 	EXP 	fixation: autoDraw = False
126.8608 	EXP 	grating: autoDraw = False
126.8608 	EXP 	grating: ori = 1.0
126.8608 	EXP 	fixation: autoDraw = True
126.9782 	EXP 	Device response: <KeyPress from None: t=126.83906990010291, value=left, duration=0.13516469998285174>
127.3441 	INFO 	Keyboard events cleared
127.3439 	EXP 	grating: autoDraw = True
127.3623 	EXP 	fixation: autoDraw = False
127.6437 	EXP 	grating: autoDraw = False
127.8948 	EXP 	Device response: <KeyPress from None: t=127.88081140001304, value=left, duration=None>
127.8973 	DATA 	Keypress: left
127.9104 	EXP 	fixation: autoDraw = False
127.9104 	EXP 	grating: autoDraw = False
127.9104 	EXP 	grating: ori = 1.5
127.9104 	EXP 	fixation: autoDraw = True
128.0267 	EXP 	Device response: <KeyPress from None: t=127.88081140001304, value=left, duration=0.1404709001071751>
128.4110 	INFO 	Keyboard events cleared
128.4108 	EXP 	fixation: autoDraw = False
128.4108 	EXP 	grating: autoDraw = True
128.7088 	EXP 	grating: autoDraw = False
128.8446 	EXP 	Device response: <KeyPress from None: t=128.830951299984, value=right, duration=None>
128.8468 	DATA 	Keypress: right
128.8597 	EXP 	fixation: autoDraw = False
128.8597 	EXP 	grating: autoDraw = False
128.8597 	EXP 	grating: ori = 1.5
128.8597 	EXP 	fixation: autoDraw = True
128.9973 	EXP 	Device response: <KeyPress from None: t=128.830951299984, value=right, duration=0.1633703000843525>
129.3601 	INFO 	Keyboard events cleared
129.3599 	EXP 	fixation: autoDraw = False
129.3599 	EXP 	grating: autoDraw = True
129.6586 	EXP 	grating: autoDraw = False
129.9962 	DATA 	Keypress: right
130.0107 	EXP 	Device response: <KeyPress from None: t=129.99511770019308, value=right, duration=None>
130.0258 	EXP 	fixation: autoDraw = False
130.0258 	EXP 	grating: autoDraw = False
130.0258 	EXP 	grating: ori = 1.5
130.0258 	EXP 	fixation: autoDraw = True
130.1595 	EXP 	Device response: <KeyPress from None: t=129.99511770019308, value=right, duration=0.1495067998766899>
130.5254 	INFO 	Keyboard events cleared
130.5252 	EXP 	fixation: autoDraw = False
130.5252 	EXP 	grating: autoDraw = True
130.8257 	EXP 	grating: autoDraw = False
131.5766 	EXP 	Device response: <KeyPress from None: t=131.5736529000569, value=right, duration=None>
131.5787 	DATA 	Keypress: right
131.5927 	EXP 	fixation: autoDraw = False
131.5927 	EXP 	grating: autoDraw = False
131.5927 	EXP 	grating: ori = 1.0
131.5927 	EXP 	fixation: autoDraw = True
131.7266 	EXP 	Device response: <KeyPress from None: t=131.5736529000569, value=right, duration=0.13724900013767183>
132.0928 	INFO 	Keyboard events cleared
132.0925 	EXP 	grating: autoDraw = True
132.1088 	EXP 	fixation: autoDraw = False
132.3929 	EXP 	grating: autoDraw = False
132.7933 	EXP 	Device response: <KeyPress from None: t=132.78902490017936, value=right, duration=None>
132.7971 	DATA 	Keypress: right
132.8088 	EXP 	fixation: autoDraw = False
132.8088 	EXP 	grating: autoDraw = False
132.8088 	EXP 	text_2: autoDraw = True
132.9450 	EXP 	Device response: <KeyPress from None: t=132.78902490017936, value=right, duration=0.13906729989685118>
135.8243 	EXP 	text_2: autoDraw = False
135.8245 	EXP 	ADAPTIVE STAIRCASE: status = STOPPED
135.8698 	INFO 	saved data to 'C:\\Users\\SHRUTI\\Desktop\\psychopy\\data\\218486_ADAPTIVE STAIRCASE_2025-09-02_15h09.34.289.csv'
135.8715 	INFO 	saved data to C:\Users\SHRUTI\Desktop\psychopy\data\218486_ADAPTIVE STAIRCASE_2025-09-02_15h09.34.289.psydat
137.4108 	WARNING 	Stopping key buffers but this could be dangerous ifother keyboards rely on the same.
137.4567 	WARNING 	Stopping key buffers but this could be dangerous ifother keyboards rely on the same.
